#
# There is insufficient memory for the Java Runtime Environment to continue.
# Native memory allocation (malloc) failed to allocate 2026896 bytes for Chunk::new
# Possible reasons:
#   The system is out of physical RAM or swap space
#   The process is running with CompressedOops enabled, and the Java Heap may be blocking the growth of the native heap
# Possible solutions:
#   Reduce memory load on the system
#   Increase physical memory or swap space
#   Check if swap backing store is full
#   Decrease Java heap size (-Xmx/-Xms)
#   Decrease number of Java threads
#   Decrease Java thread stack sizes (-Xss)
#   Set larger code cache with -XX:ReservedCodeCacheSize=
#   JVM is running with Unscaled Compressed Oops mode in which the Java heap is
#     placed in the first 4GB address space. The Java Heap base address is the
#     maximum limit for the native heap growth. Please use -XX:HeapBaseMinAddress
#     to set the Java Heap base and to place the Java Heap above 4GB virtual address.
# This output file may be truncated or incomplete.
#
#  Out of Memory Error (./src/hotspot/share/memory/arena.cpp:197), pid=2036, tid=6316
#
# JRE version: OpenJDK Runtime Environment (11.0.12+7) (build 11.0.12+7-b1504.28-7817840)
# Java VM: OpenJDK 64-Bit Server VM (11.0.12+7-b1504.28-7817840, mixed mode, tiered, compressed oops, g1 gc, windows-amd64)
# No core dump will be written. Minidumps are not enabled by default on client versions of Windows
#

---------------  S U M M A R Y ------------

Command Line: --add-opens=java.base/java.util=ALL-UNNAMED --add-opens=java.base/java.lang=ALL-UNNAMED --add-opens=java.base/java.lang.invoke=ALL-UNNAMED --add-opens=java.base/java.util=ALL-UNNAMED --add-opens=java.prefs/java.util.prefs=ALL-UNNAMED --add-opens=java.prefs/java.util.prefs=ALL-UNNAMED --add-opens=java.base/java.nio.charset=ALL-UNNAMED --add-opens=java.base/java.net=ALL-UNNAMED --add-opens=java.base/java.util.concurrent.atomic=ALL-UNNAMED -Xmx2048m -Dfile.encoding=UTF-8 -Duser.country=RU -Duser.language=ru -Duser.variant org.gradle.launcher.daemon.bootstrap.GradleDaemon 7.3.3

Host: Intel(R) Core(TM) i5-2410M CPU @ 2.30GHz, 4 cores, 7G,  Windows 10 , 64 bit Build 19041 (10.0.19041.2364)
Time: Sun Jan 29 11:06:37 2023 RTZ 2 (зима) elapsed time: 4035.866371 seconds (0d 1h 7m 15s)

---------------  T H R E A D  ---------------

Current thread (0x000002aa1f8e6000):  JavaThread "C2 CompilerThread0" daemon [_thread_in_native, id=6316, stack(0x000000c48e800000,0x000000c48e900000)]


Current CompileTask:
C2:4035866 35307       4       org.gradle.api.internal.artifacts.ivyservice.resolveengine.graph.builder.DependencyGraphBuilder::resolveEdges (43 bytes)

Stack: [0x000000c48e800000,0x000000c48e900000]
Native frames: (J=compiled Java code, j=interpreted, Vv=VM code, C=native code)
V  [jvm.dll+0x5fbcea]
V  [jvm.dll+0x731905]
V  [jvm.dll+0x732f1d]
V  [jvm.dll+0x7335d3]
V  [jvm.dll+0x247bf8]
V  [jvm.dll+0xc018c]
V  [jvm.dll+0xc06cc]
V  [jvm.dll+0x35b2db]
V  [jvm.dll+0x328803]
V  [jvm.dll+0x327cfa]
V  [jvm.dll+0x200602]
V  [jvm.dll+0x1ff794]
V  [jvm.dll+0x18868c]
V  [jvm.dll+0x20e0d7]
V  [jvm.dll+0x20c901]
V  [jvm.dll+0x6f9b7f]
V  [jvm.dll+0x6f26a5]
V  [jvm.dll+0x5fabf6]
C  [ucrtbase.dll+0x21bb2]
C  [KERNEL32.DLL+0x17614]
C  [ntdll.dll+0x526a1]


---------------  P R O C E S S  ---------------

Threads class SMR info:
_java_thread_list=0x000002aa3a33eab0, length=101, elements={
0x000002aa03d6c800, 0x000002aa1f8c1800, 0x000002aa1f8c5000, 0x000002aa20263800,
0x000002aa1f8e2000, 0x000002aa1f8e3000, 0x000002aa1f8e6000, 0x000002aa1f8f4800,
0x000002aa1f8f7800, 0x000002aa2039f000, 0x000002aa21649800, 0x000002aa22468000,
0x000002aa216f3000, 0x000002aa21548000, 0x000002aa21543800, 0x000002aa21542000,
0x000002aa21543000, 0x000002aa21545800, 0x000002aa25e97800, 0x000002aa25e96000,
0x000002aa25e99000, 0x000002aa25e9e000, 0x000002aa25e9f800, 0x000002aa25e9c800,
0x000002aa25e9f000, 0x000002aa21b3c800, 0x000002aa21b41000, 0x000002aa21b43800,
0x000002aa21547000, 0x000002aa2733c000, 0x000002aa2733f000, 0x000002aa2733b000,
0x000002aa228ab000, 0x000002aa2ba27800, 0x000002aa21b4a800, 0x000002aa25e92000,
0x000002aa21b46800, 0x000002aa228aa000, 0x000002aa228a7800, 0x000002aa228a8800,
0x000002aa2ba29000, 0x000002aa2ba28800, 0x000002aa2ba27000, 0x000002aa2ba2a000,
0x000002aa2ba24800, 0x000002aa2ba26000, 0x000002aa2ba2b800, 0x000002aa2ba2f000,
0x000002aa2ba30000, 0x000002aa2ba2e000, 0x000002aa2ba2d800, 0x000002aa2ba30800,
0x000002aa2ba2b000, 0x000002aa2ba31800, 0x000002aa2ba32000, 0x000002aa2ba33000,
0x000002aa3a4a7800, 0x000002aa3a4a2000, 0x000002aa3a4a9000, 0x000002aa3a4a8800,
0x000002aa3a4a3800, 0x000002aa3a4aa000, 0x000002aa3a4a4800, 0x000002aa3a4ab000,
0x000002aa3a4a5000, 0x000002aa3a4ab800, 0x000002aa3a4a6000, 0x000002aa3a4af000,
0x000002aa3a4ac800, 0x000002aa3a4ad800, 0x000002aa3a4af800, 0x000002aa3a4ae000,
0x000002aa3a4b0800, 0x000002aa27340000, 0x000002aa2733a800, 0x000002aa27341000,
0x000002aa27341800, 0x000002aa2733e800, 0x000002aa2733c800, 0x000002aa27342800,
0x000002aa27343800, 0x000002aa2733d800, 0x000002aa27344000, 0x000002aa27349000,
0x000002aa27348000, 0x000002aa27346800, 0x000002aa27347800, 0x000002aa27345000,
0x000002aa27345800, 0x000002aa228af000, 0x000002aa228b0000, 0x000002aa228b0800,
0x000002aa228b2800, 0x000002aa228b3000, 0x000002aa228ad800, 0x000002aa228b1800,
0x000002aa228ae000, 0x000002aa228b5800, 0x000002aa228b6800, 0x000002aa228b5000,
0x000002aa21b42800
}

Java Threads: ( => current thread )
  0x000002aa03d6c800 JavaThread "main" [_thread_blocked, id=7768, stack(0x000000c48dc00000,0x000000c48dd00000)]
  0x000002aa1f8c1800 JavaThread "Reference Handler" daemon [_thread_blocked, id=5328, stack(0x000000c48e300000,0x000000c48e400000)]
  0x000002aa1f8c5000 JavaThread "Finalizer" daemon [_thread_blocked, id=9648, stack(0x000000c48e400000,0x000000c48e500000)]
  0x000002aa20263800 JavaThread "Signal Dispatcher" daemon [_thread_blocked, id=15292, stack(0x000000c48e500000,0x000000c48e600000)]
  0x000002aa1f8e2000 JavaThread "Attach Listener" daemon [_thread_blocked, id=8896, stack(0x000000c48e600000,0x000000c48e700000)]
  0x000002aa1f8e3000 JavaThread "Service Thread" daemon [_thread_blocked, id=3164, stack(0x000000c48e700000,0x000000c48e800000)]
=>0x000002aa1f8e6000 JavaThread "C2 CompilerThread0" daemon [_thread_in_native, id=6316, stack(0x000000c48e800000,0x000000c48e900000)]
  0x000002aa1f8f4800 JavaThread "C1 CompilerThread0" daemon [_thread_blocked, id=5932, stack(0x000000c48e900000,0x000000c48ea00000)]
  0x000002aa1f8f7800 JavaThread "Sweeper thread" daemon [_thread_blocked, id=13640, stack(0x000000c48ea00000,0x000000c48eb00000)]
  0x000002aa2039f000 JavaThread "Common-Cleaner" daemon [_thread_blocked, id=5284, stack(0x000000c48eb00000,0x000000c48ec00000)]
  0x000002aa21649800 JavaThread "Daemon health stats" [_thread_blocked, id=5352, stack(0x000000c48f000000,0x000000c48f100000)]
  0x000002aa22468000 JavaThread "Incoming local TCP Connector on port 56342" [_thread_in_native, id=1244, stack(0x000000c48ef00000,0x000000c48f000000)]
  0x000002aa216f3000 JavaThread "Daemon periodic checks" [_thread_blocked, id=9856, stack(0x000000c48f100000,0x000000c48f200000)]
  0x000002aa21548000 JavaThread "Cache worker for journal cache (C:\Users\magis\.gradle\caches\journal-1)" [_thread_in_native, id=14644, stack(0x000000c48fb00000,0x000000c48fc00000)]
  0x000002aa21543800 JavaThread "File lock request listener" [_thread_in_native, id=3732, stack(0x000000c48fc00000,0x000000c48fd00000)]
  0x000002aa21542000 JavaThread "Cache worker for file hash cache (C:\Users\magis\.gradle\caches\7.3.3\fileHashes)" [_thread_blocked, id=2164, stack(0x000000c48fa00000,0x000000c48fb00000)]
  0x000002aa21543000 JavaThread "File watcher server" daemon [_thread_in_native, id=11452, stack(0x000000c48ff00000,0x000000c490000000)]
  0x000002aa21545800 JavaThread "File watcher consumer" daemon [_thread_blocked, id=124, stack(0x000000c490000000,0x000000c490100000)]
  0x000002aa25e97800 JavaThread "Cache worker for execution history cache (C:\Users\magis\.gradle\caches\7.3.3\executionHistory)" [_thread_blocked, id=7628, stack(0x000000c490400000,0x000000c490500000)]
  0x000002aa25e96000 JavaThread "jar transforms" [_thread_blocked, id=14796, stack(0x000000c490500000,0x000000c490600000)]
  0x000002aa25e99000 JavaThread "Cache worker for file content cache (C:\Users\magis\.gradle\caches\7.3.3\fileContent)" [_thread_blocked, id=12852, stack(0x000000c490600000,0x000000c490700000)]
  0x000002aa25e9e000 JavaThread "jar transforms Thread 2" [_thread_blocked, id=192, stack(0x000000c490700000,0x000000c490800000)]
  0x000002aa25e9f800 JavaThread "Memory manager" [_thread_blocked, id=9504, stack(0x000000c490a00000,0x000000c490b00000)]
  0x000002aa25e9c800 JavaThread "Cache worker for kotlin-dsl (C:\Users\magis\.gradle\caches\7.3.3\kotlin-dsl)" [_thread_blocked, id=10948, stack(0x000000c490b00000,0x000000c490c00000)]
  0x000002aa25e9f000 JavaThread "jar transforms Thread 3" [_thread_blocked, id=12168, stack(0x000000c490c00000,0x000000c490d00000)]
  0x000002aa21b3c800 JavaThread "jar transforms Thread 4" [_thread_blocked, id=3956, stack(0x000000c493400000,0x000000c493500000)]
  0x000002aa21b41000 JavaThread "pool-3-thread-1" [_thread_blocked, id=10816, stack(0x000000c48db00000,0x000000c48dc00000)]
  0x000002aa21b43800 JavaThread "RMI Scheduler(0)" daemon [_thread_blocked, id=8516, stack(0x000000c48f700000,0x000000c48f800000)]
  0x000002aa21547000 JavaThread "RMI GC Daemon" daemon [_thread_blocked, id=2124, stack(0x000000c493f00000,0x000000c494000000)]
  0x000002aa2733c000 JavaThread "RMI TCP Accept-0" daemon [_thread_in_native, id=14224, stack(0x000000c494000000,0x000000c494100000)]
  0x000002aa2733f000 JavaThread "RMI Reaper" [_thread_blocked, id=14812, stack(0x000000c494100000,0x000000c494200000)]
  0x000002aa2733b000 JavaThread "ForkJoinPool.commonPool-worker-3" daemon [_thread_blocked, id=8732, stack(0x000000c494600000,0x000000c494700000)]
  0x000002aa228ab000 JavaThread "pool-7-thread-1" [_thread_blocked, id=2944, stack(0x000000c493700000,0x000000c493800000)]
  0x000002aa2ba27800 JavaThread "Cache worker for Java compile cache (C:\Users\magis\.gradle\caches\7.3.3\javaCompile)" [_thread_blocked, id=6308, stack(0x000000c494300000,0x000000c494400000)]
  0x000002aa21b4a800 JavaThread "pool-12-thread-1" [_thread_blocked, id=3008, stack(0x000000c493600000,0x000000c493700000)]
  0x000002aa25e92000 JavaThread "RMI TCP Accept-0" daemon [_thread_in_native, id=12040, stack(0x000000c493c00000,0x000000c493d00000)]
  0x000002aa21b46800 JavaThread "pool-17-thread-1" [_thread_blocked, id=9564, stack(0x000000c48fd00000,0x000000c48fe00000)]
  0x000002aa228aa000 JavaThread "RMI TCP Connection(idle)" daemon [_thread_blocked, id=13196, stack(0x000000c48d900000,0x000000c48da00000)]
  0x000002aa228a7800 JavaThread "Daemon Thread 5" [_thread_blocked, id=14716, stack(0x000000c48f200000,0x000000c48f300000)]
  0x000002aa228a8800 JavaThread "Daemon worker Thread 5" [_thread_blocked, id=3748, stack(0x000000c48f500000,0x000000c48f600000)]
  0x000002aa2ba29000 JavaThread "Handler for socket connection from /127.0.0.1:56342 to /127.0.0.1:52579" [_thread_in_native, id=6584, stack(0x000000c48f300000,0x000000c48f400000)]
  0x000002aa2ba28800 JavaThread "Cancel handler" [_thread_blocked, id=12604, stack(0x000000c48f400000,0x000000c48f500000)]
  0x000002aa2ba27000 JavaThread "Asynchronous log dispatcher for DefaultDaemonConnection: socket connection from /127.0.0.1:56342 to /127.0.0.1:52579" [_thread_blocked, id=14056, stack(0x000000c48f600000,0x000000c48f700000)]
  0x000002aa2ba2a000 JavaThread "Stdin handler" [_thread_blocked, id=6572, stack(0x000000c48f800000,0x000000c48f900000)]
  0x000002aa2ba24800 JavaThread "Daemon client event forwarder" [_thread_blocked, id=11304, stack(0x000000c48fe00000,0x000000c48ff00000)]
  0x000002aa2ba26000 JavaThread "Cache worker for file hash cache (C:\Users\magis\AndroidStudioProjects\PixabayWallpapers\.gradle\7.3.3\fileHashes)" [_thread_blocked, id=7232, stack(0x000000c490100000,0x000000c490200000)]
  0x000002aa2ba2b800 JavaThread "Cache worker for checksums cache (C:\Users\magis\AndroidStudioProjects\PixabayWallpapers\.gradle\7.3.3\checksums)" [_thread_blocked, id=4976, stack(0x000000c490200000,0x000000c490300000)]
  0x000002aa2ba2f000 JavaThread "Cache worker for cache directory md-supplier (C:\Users\magis\.gradle\caches\7.3.3\md-supplier)" [_thread_blocked, id=15228, stack(0x000000c490300000,0x000000c490400000)]
  0x000002aa2ba30000 JavaThread "Cache worker for cache directory md-rule (C:\Users\magis\.gradle\caches\7.3.3\md-rule)" [_thread_blocked, id=8744, stack(0x000000c490800000,0x000000c490900000)]
  0x000002aa2ba2e000 JavaThread "Cache worker for dependencies-accessors (C:\Users\magis\AndroidStudioProjects\PixabayWallpapers\.gradle\7.3.3\dependencies-accessors)" [_thread_blocked, id=9604, stack(0x000000c490900000,0x000000c490a00000)]
  0x000002aa2ba2d800 JavaThread "Cache worker for Build Output Cleanup Cache (C:\Users\magis\AndroidStudioProjects\PixabayWallpapers\buildSrc\.gradle\buildOutputCleanup)" [_thread_blocked, id=12784, stack(0x000000c490d00000,0x000000c490e00000)]
  0x000002aa2ba30800 JavaThread "Unconstrained build operations" [_thread_blocked, id=15312, stack(0x000000c48da00000,0x000000c48db00000)]
  0x000002aa2ba2b000 JavaThread "Unconstrained build operations Thread 2" [_thread_blocked, id=13596, stack(0x000000c490e00000,0x000000c490f00000)]
  0x000002aa2ba31800 JavaThread "Unconstrained build operations Thread 3" [_thread_blocked, id=9404, stack(0x000000c490f00000,0x000000c491000000)]
  0x000002aa2ba32000 JavaThread "Unconstrained build operations Thread 4" [_thread_blocked, id=5592, stack(0x000000c491000000,0x000000c491100000)]
  0x000002aa2ba33000 JavaThread "Unconstrained build operations Thread 5" [_thread_blocked, id=12252, stack(0x000000c491100000,0x000000c491200000)]
  0x000002aa3a4a7800 JavaThread "Unconstrained build operations Thread 6" [_thread_blocked, id=10968, stack(0x000000c491200000,0x000000c491300000)]
  0x000002aa3a4a2000 JavaThread "Unconstrained build operations Thread 7" [_thread_blocked, id=8768, stack(0x000000c491300000,0x000000c491400000)]
  0x000002aa3a4a9000 JavaThread "Unconstrained build operations Thread 8" [_thread_blocked, id=4444, stack(0x000000c491400000,0x000000c491500000)]
  0x000002aa3a4a8800 JavaThread "Unconstrained build operations Thread 9" [_thread_blocked, id=11948, stack(0x000000c491500000,0x000000c491600000)]
  0x000002aa3a4a3800 JavaThread "Unconstrained build operations Thread 10" [_thread_blocked, id=3476, stack(0x000000c491600000,0x000000c491700000)]
  0x000002aa3a4aa000 JavaThread "Unconstrained build operations Thread 11" [_thread_blocked, id=13372, stack(0x000000c491700000,0x000000c491800000)]
  0x000002aa3a4a4800 JavaThread "Unconstrained build operations Thread 12" [_thread_blocked, id=9288, stack(0x000000c491800000,0x000000c491900000)]
  0x000002aa3a4ab000 JavaThread "Unconstrained build operations Thread 13" [_thread_blocked, id=1460, stack(0x000000c491900000,0x000000c491a00000)]
  0x000002aa3a4a5000 JavaThread "Unconstrained build operations Thread 14" [_thread_blocked, id=13144, stack(0x000000c491a00000,0x000000c491b00000)]
  0x000002aa3a4ab800 JavaThread "Unconstrained build operations Thread 15" [_thread_blocked, id=2896, stack(0x000000c491b00000,0x000000c491c00000)]
  0x000002aa3a4a6000 JavaThread "Unconstrained build operations Thread 16" [_thread_blocked, id=9240, stack(0x000000c491c00000,0x000000c491d00000)]
  0x000002aa3a4af000 JavaThread "Unconstrained build operations Thread 17" [_thread_blocked, id=1328, stack(0x000000c491d00000,0x000000c491e00000)]
  0x000002aa3a4ac800 JavaThread "Unconstrained build operations Thread 18" [_thread_blocked, id=8160, stack(0x000000c491e00000,0x000000c491f00000)]
  0x000002aa3a4ad800 JavaThread "Unconstrained build operations Thread 19" [_thread_in_native, id=12176, stack(0x000000c491f00000,0x000000c492000000)]
  0x000002aa3a4af800 JavaThread "Unconstrained build operations Thread 20" [_thread_blocked, id=11516, stack(0x000000c492000000,0x000000c492100000)]
  0x000002aa3a4ae000 JavaThread "Unconstrained build operations Thread 21" [_thread_blocked, id=3632, stack(0x000000c492100000,0x000000c492200000)]
  0x000002aa3a4b0800 JavaThread "Unconstrained build operations Thread 22" [_thread_blocked, id=5820, stack(0x000000c492200000,0x000000c492300000)]
  0x000002aa27340000 JavaThread "Unconstrained build operations Thread 23" [_thread_blocked, id=8320, stack(0x000000c492300000,0x000000c492400000)]
  0x000002aa2733a800 JavaThread "Unconstrained build operations Thread 24" [_thread_in_vm, id=13948, stack(0x000000c492400000,0x000000c492500000)]
  0x000002aa27341000 JavaThread "Unconstrained build operations Thread 25" [_thread_blocked, id=2560, stack(0x000000c492500000,0x000000c492600000)]
  0x000002aa27341800 JavaThread "Unconstrained build operations Thread 26" [_thread_blocked, id=14260, stack(0x000000c492600000,0x000000c492700000)]
  0x000002aa2733e800 JavaThread "Unconstrained build operations Thread 27" [_thread_blocked, id=9732, stack(0x000000c492700000,0x000000c492800000)]
  0x000002aa2733c800 JavaThread "Unconstrained build operations Thread 28" [_thread_blocked, id=8748, stack(0x000000c492800000,0x000000c492900000)]
  0x000002aa27342800 JavaThread "Unconstrained build operations Thread 29" [_thread_blocked, id=4508, stack(0x000000c492900000,0x000000c492a00000)]
  0x000002aa27343800 JavaThread "Unconstrained build operations Thread 30" [_thread_blocked, id=8628, stack(0x000000c492a00000,0x000000c492b00000)]
  0x000002aa2733d800 JavaThread "Unconstrained build operations Thread 31" [_thread_in_native, id=6684, stack(0x000000c492b00000,0x000000c492c00000)]
  0x000002aa27344000 JavaThread "Unconstrained build operations Thread 32" [_thread_blocked, id=9920, stack(0x000000c492c00000,0x000000c492d00000)]
  0x000002aa27349000 JavaThread "Unconstrained build operations Thread 33" [_thread_blocked, id=13780, stack(0x000000c492d00000,0x000000c492e00000)]
  0x000002aa27348000 JavaThread "Unconstrained build operations Thread 34" [_thread_blocked, id=3544, stack(0x000000c492e00000,0x000000c492f00000)]
  0x000002aa27346800 JavaThread "Unconstrained build operations Thread 35" [_thread_blocked, id=12472, stack(0x000000c492f00000,0x000000c493000000)]
  0x000002aa27347800 JavaThread "Unconstrained build operations Thread 36" [_thread_blocked, id=14840, stack(0x000000c493000000,0x000000c493100000)]
  0x000002aa27345000 JavaThread "Unconstrained build operations Thread 37" [_thread_blocked, id=13028, stack(0x000000c493100000,0x000000c493200000)]
  0x000002aa27345800 JavaThread "Unconstrained build operations Thread 38" [_thread_blocked, id=11108, stack(0x000000c493200000,0x000000c493300000)]
  0x000002aa228af000 JavaThread "Unconstrained build operations Thread 39" [_thread_blocked, id=636, stack(0x000000c493300000,0x000000c493400000)]
  0x000002aa228b0000 JavaThread "Cache worker for execution history cache (C:\Users\magis\AndroidStudioProjects\PixabayWallpapers\buildSrc\.gradle\7.3.3\executionHistory)" [_thread_blocked, id=10612, stack(0x000000c493b00000,0x000000c493c00000)]
  0x000002aa228b0800 JavaThread "Unconstrained build operations Thread 40" [_thread_blocked, id=2628, stack(0x000000c493d00000,0x000000c493e00000)]
  0x000002aa228b2800 JavaThread "Cache worker for Build Output Cleanup Cache (C:\Users\magis\AndroidStudioProjects\PixabayWallpapers\.gradle\buildOutputCleanup)" [_thread_in_native, id=15284, stack(0x000000c493800000,0x000000c493900000)]
  0x000002aa228b3000 JavaThread "C2 CompilerThread1" daemon [_thread_in_native, id=14536, stack(0x000000c493500000,0x000000c493600000)]
  0x000002aa228ad800 JavaThread "build event listener" [_thread_blocked, id=14320, stack(0x000000c493900000,0x000000c493a00000)]
  0x000002aa228b1800 JavaThread "pool-20-thread-1" [_thread_blocked, id=14816, stack(0x000000c493a00000,0x000000c493b00000)]
  0x000002aa228ae000 JavaThread "build event listener" [_thread_blocked, id=320, stack(0x000000c493e00000,0x000000c493f00000)]
  0x000002aa228b5800 JavaThread "Execution worker for ':'" [_thread_blocked, id=7784, stack(0x000000c494200000,0x000000c494300000)]
  0x000002aa228b6800 JavaThread "Execution worker for ':' Thread 2" [_thread_blocked, id=12052, stack(0x000000c494400000,0x000000c494500000)]
  0x000002aa228b5000 JavaThread "Execution worker for ':' Thread 3" [_thread_blocked, id=11104, stack(0x000000c494500000,0x000000c494600000)]
  0x000002aa21b42800 JavaThread "Cache worker for execution history cache (C:\Users\magis\AndroidStudioProjects\PixabayWallpapers\.gradle\7.3.3\executionHistory)" [_thread_blocked, id=14576, stack(0x000000c494700000,0x000000c494800000)]

Other Threads:
  0x000002aa1f8be000 VMThread "VM Thread" [stack: 0x000000c48e200000,0x000000c48e300000] [id=12668]
  0x000002aa203d0800 WatcherThread [stack: 0x000000c48ec00000,0x000000c48ed00000] [id=5236]
  0x000002aa03d85800 GCTaskThread "GC Thread#0" [stack: 0x000000c48dd00000,0x000000c48de00000] [id=5020]
  0x000002aa20806800 GCTaskThread "GC Thread#1" [stack: 0x000000c48ed00000,0x000000c48ee00000] [id=7600]
  0x000002aa20935000 GCTaskThread "GC Thread#2" [stack: 0x000000c48ee00000,0x000000c48ef00000] [id=6428]
  0x000002aa2293c000 GCTaskThread "GC Thread#3" [stack: 0x000000c48f900000,0x000000c48fa00000] [id=10000]
  0x000002aa03dba800 ConcurrentGCThread "G1 Main Marker" [stack: 0x000000c48de00000,0x000000c48df00000] [id=7872]
  0x000002aa03dbb800 ConcurrentGCThread "G1 Conc#0" [stack: 0x000000c48df00000,0x000000c48e000000] [id=868]
  0x000002aa03e4b800 ConcurrentGCThread "G1 Refine#0" [stack: 0x000000c48e000000,0x000000c48e100000] [id=8720]
  0x000002aa03e4c800 ConcurrentGCThread "G1 Young RemSet Sampling" [stack: 0x000000c48e100000,0x000000c48e200000] [id=3412]

Threads with active compile tasks:
C2 CompilerThread04036015 35307       4       org.gradle.api.internal.artifacts.ivyservice.resolveengine.graph.builder.DependencyGraphBuilder::resolveEdges (43 bytes)
C2 CompilerThread14036016 35313  s    4       org.gradle.internal.component.external.model.AbstractLazyModuleComponentResolveMetadata::getConfiguration (44 bytes)

VM state:not at safepoint (normal execution)

VM Mutex/Monitor currently owned by a thread: None

Heap address: 0x0000000080000000, size: 2048 MB, Compressed Oops mode: 32-bit
Narrow klass base: 0x0000000000000000, Narrow klass shift: 3
Compressed class space size: 1073741824 Address: 0x0000000100000000

Heap:
 garbage-first heap   total 348160K, used 298988K [0x0000000080000000, 0x0000000100000000)
  region size 1024K, 12 young (12288K), 3 survivors (3072K)
 Metaspace       used 278523K, capacity 284711K, committed 284860K, reserved 1298432K
  class space    used 34733K, capacity 36934K, committed 36964K, reserved 1048576K
Heap Regions: E=young(eden), S=young(survivor), O=old, HS=humongous(starts), HC=humongous(continues), CS=collection set, F=free, A=archive, TAMS=top-at-mark-start (previous, next)
|   0|0x0000000080000000, 0x0000000080100000, 0x0000000080100000|100%| O|  |TAMS 0x0000000080100000, 0x0000000080100000| Untracked 
|   1|0x0000000080100000, 0x0000000080200000, 0x0000000080200000|100%| O|  |TAMS 0x0000000080200000, 0x0000000080200000| Untracked 
|   2|0x0000000080200000, 0x0000000080300000, 0x0000000080300000|100%| O|  |TAMS 0x0000000080300000, 0x0000000080300000| Untracked 
|   3|0x0000000080300000, 0x0000000080400000, 0x0000000080400000|100%|HS|  |TAMS 0x0000000080400000, 0x0000000080400000| Complete 
|   4|0x0000000080400000, 0x0000000080500000, 0x0000000080500000|100%|HC|  |TAMS 0x0000000080500000, 0x0000000080500000| Complete 
|   5|0x0000000080500000, 0x0000000080600000, 0x0000000080600000|100%|HC|  |TAMS 0x0000000080600000, 0x0000000080600000| Complete 
|   6|0x0000000080600000, 0x0000000080700000, 0x0000000080700000|100%| O|  |TAMS 0x0000000080700000, 0x0000000080700000| Untracked 
|   7|0x0000000080700000, 0x0000000080800000, 0x0000000080800000|100%| O|  |TAMS 0x0000000080800000, 0x0000000080800000| Untracked 
|   8|0x0000000080800000, 0x0000000080900000, 0x0000000080900000|100%| O|  |TAMS 0x0000000080900000, 0x0000000080900000| Untracked 
|   9|0x0000000080900000, 0x0000000080a00000, 0x0000000080a00000|100%| O|  |TAMS 0x0000000080a00000, 0x0000000080a00000| Untracked 
|  10|0x0000000080a00000, 0x0000000080b00000, 0x0000000080b00000|100%| O|  |TAMS 0x0000000080b00000, 0x0000000080b00000| Untracked 
|  11|0x0000000080b00000, 0x0000000080c00000, 0x0000000080c00000|100%| O|  |TAMS 0x0000000080c00000, 0x0000000080c00000| Untracked 
|  12|0x0000000080c00000, 0x0000000080d00000, 0x0000000080d00000|100%| O|  |TAMS 0x0000000080d00000, 0x0000000080d00000| Untracked 
|  13|0x0000000080d00000, 0x0000000080e00000, 0x0000000080e00000|100%| O|  |TAMS 0x0000000080e00000, 0x0000000080e00000| Untracked 
|  14|0x0000000080e00000, 0x0000000080f00000, 0x0000000080f00000|100%| O|  |TAMS 0x0000000080f00000, 0x0000000080f00000| Untracked 
|  15|0x0000000080f00000, 0x0000000081000000, 0x0000000081000000|100%| O|  |TAMS 0x0000000081000000, 0x0000000081000000| Untracked 
|  16|0x0000000081000000, 0x0000000081100000, 0x0000000081100000|100%|HS|  |TAMS 0x0000000081100000, 0x0000000081100000| Complete 
|  17|0x0000000081100000, 0x0000000081200000, 0x0000000081200000|100%| O|  |TAMS 0x0000000081200000, 0x0000000081200000| Untracked 
|  18|0x0000000081200000, 0x0000000081300000, 0x0000000081300000|100%| O|  |TAMS 0x0000000081300000, 0x0000000081300000| Untracked 
|  19|0x0000000081300000, 0x0000000081400000, 0x0000000081400000|100%| O|  |TAMS 0x0000000081400000, 0x0000000081400000| Untracked 
|  20|0x0000000081400000, 0x0000000081500000, 0x0000000081500000|100%| O|  |TAMS 0x0000000081500000, 0x0000000081500000| Untracked 
|  21|0x0000000081500000, 0x0000000081600000, 0x0000000081600000|100%| O|  |TAMS 0x0000000081600000, 0x0000000081600000| Untracked 
|  22|0x0000000081600000, 0x0000000081700000, 0x0000000081700000|100%| O|  |TAMS 0x0000000081700000, 0x0000000081700000| Untracked 
|  23|0x0000000081700000, 0x0000000081800000, 0x0000000081800000|100%| O|  |TAMS 0x0000000081800000, 0x0000000081800000| Untracked 
|  24|0x0000000081800000, 0x0000000081900000, 0x0000000081900000|100%| O|  |TAMS 0x0000000081900000, 0x0000000081900000| Untracked 
|  25|0x0000000081900000, 0x0000000081a00000, 0x0000000081a00000|100%| O|  |TAMS 0x0000000081a00000, 0x0000000081a00000| Untracked 
|  26|0x0000000081a00000, 0x0000000081b00000, 0x0000000081b00000|100%| O|  |TAMS 0x0000000081b00000, 0x0000000081b00000| Untracked 
|  27|0x0000000081b00000, 0x0000000081c00000, 0x0000000081c00000|100%| O|  |TAMS 0x0000000081c00000, 0x0000000081c00000| Untracked 
|  28|0x0000000081c00000, 0x0000000081d00000, 0x0000000081d00000|100%|HS|  |TAMS 0x0000000081d00000, 0x0000000081d00000| Complete 
|  29|0x0000000081d00000, 0x0000000081e00000, 0x0000000081e00000|100%|HC|  |TAMS 0x0000000081e00000, 0x0000000081e00000| Complete 
|  30|0x0000000081e00000, 0x0000000081f00000, 0x0000000081f00000|100%|HC|  |TAMS 0x0000000081f00000, 0x0000000081f00000| Complete 
|  31|0x0000000081f00000, 0x0000000082000000, 0x0000000082000000|100%| O|  |TAMS 0x0000000082000000, 0x0000000082000000| Untracked 
|  32|0x0000000082000000, 0x0000000082100000, 0x0000000082100000|100%| O|  |TAMS 0x0000000082100000, 0x0000000082100000| Untracked 
|  33|0x0000000082100000, 0x0000000082200000, 0x0000000082200000|100%| O|  |TAMS 0x0000000082200000, 0x0000000082200000| Untracked 
|  34|0x0000000082200000, 0x0000000082300000, 0x0000000082300000|100%| O|  |TAMS 0x0000000082300000, 0x0000000082300000| Untracked 
|  35|0x0000000082300000, 0x0000000082400000, 0x0000000082400000|100%| O|  |TAMS 0x0000000082400000, 0x0000000082400000| Untracked 
|  36|0x0000000082400000, 0x0000000082500000, 0x0000000082500000|100%| O|  |TAMS 0x0000000082500000, 0x0000000082500000| Untracked 
|  37|0x0000000082500000, 0x0000000082600000, 0x0000000082600000|100%| O|  |TAMS 0x0000000082600000, 0x0000000082600000| Untracked 
|  38|0x0000000082600000, 0x0000000082700000, 0x0000000082700000|100%| O|  |TAMS 0x0000000082700000, 0x0000000082700000| Untracked 
|  39|0x0000000082700000, 0x0000000082800000, 0x0000000082800000|100%| O|  |TAMS 0x0000000082800000, 0x0000000082800000| Untracked 
|  40|0x0000000082800000, 0x0000000082900000, 0x0000000082900000|100%| O|  |TAMS 0x0000000082900000, 0x0000000082900000| Untracked 
|  41|0x0000000082900000, 0x0000000082a00000, 0x0000000082a00000|100%| O|  |TAMS 0x0000000082a00000, 0x0000000082a00000| Untracked 
|  42|0x0000000082a00000, 0x0000000082b00000, 0x0000000082b00000|100%| O|  |TAMS 0x0000000082b00000, 0x0000000082b00000| Untracked 
|  43|0x0000000082b00000, 0x0000000082c00000, 0x0000000082c00000|100%|HS|  |TAMS 0x0000000082c00000, 0x0000000082c00000| Complete 
|  44|0x0000000082c00000, 0x0000000082d00000, 0x0000000082d00000|100%|HS|  |TAMS 0x0000000082d00000, 0x0000000082d00000| Complete 
|  45|0x0000000082d00000, 0x0000000082e00000, 0x0000000082e00000|100%|HS|  |TAMS 0x0000000082e00000, 0x0000000082e00000| Complete 
|  46|0x0000000082e00000, 0x0000000082f00000, 0x0000000082f00000|100%|HS|  |TAMS 0x0000000082f00000, 0x0000000082f00000| Complete 
|  47|0x0000000082f00000, 0x0000000083000000, 0x0000000083000000|100%|HC|  |TAMS 0x0000000083000000, 0x0000000083000000| Complete 
|  48|0x0000000083000000, 0x0000000083100000, 0x0000000083100000|100%|HC|  |TAMS 0x0000000083100000, 0x0000000083100000| Complete 
|  49|0x0000000083100000, 0x0000000083200000, 0x0000000083200000|100%|HS|  |TAMS 0x0000000083200000, 0x0000000083200000| Complete 
|  50|0x0000000083200000, 0x0000000083300000, 0x0000000083300000|100%|HC|  |TAMS 0x0000000083300000, 0x0000000083300000| Complete 
|  51|0x0000000083300000, 0x0000000083400000, 0x0000000083400000|100%| O|  |TAMS 0x0000000083400000, 0x0000000083400000| Untracked 
|  52|0x0000000083400000, 0x0000000083500000, 0x0000000083500000|100%| O|  |TAMS 0x0000000083500000, 0x0000000083500000| Untracked 
|  53|0x0000000083500000, 0x0000000083600000, 0x0000000083600000|100%| O|  |TAMS 0x0000000083600000, 0x0000000083600000| Untracked 
|  54|0x0000000083600000, 0x0000000083700000, 0x0000000083700000|100%| O|  |TAMS 0x0000000083700000, 0x0000000083700000| Untracked 
|  55|0x0000000083700000, 0x0000000083800000, 0x0000000083800000|100%| O|  |TAMS 0x0000000083700000, 0x0000000083800000| Untracked 
|  56|0x0000000083800000, 0x0000000083900000, 0x0000000083900000|100%| O|  |TAMS 0x0000000083900000, 0x0000000083900000| Untracked 
|  57|0x0000000083900000, 0x0000000083a00000, 0x0000000083a00000|100%| O|  |TAMS 0x0000000083a00000, 0x0000000083a00000| Untracked 
|  58|0x0000000083a00000, 0x0000000083b00000, 0x0000000083b00000|100%| O|  |TAMS 0x0000000083b00000, 0x0000000083b00000| Untracked 
|  59|0x0000000083b00000, 0x0000000083c00000, 0x0000000083c00000|100%| O|  |TAMS 0x0000000083c00000, 0x0000000083c00000| Untracked 
|  60|0x0000000083c00000, 0x0000000083d00000, 0x0000000083d00000|100%| O|  |TAMS 0x0000000083d00000, 0x0000000083d00000| Untracked 
|  61|0x0000000083d00000, 0x0000000083e00000, 0x0000000083e00000|100%| O|  |TAMS 0x0000000083e00000, 0x0000000083e00000| Untracked 
|  62|0x0000000083e00000, 0x0000000083f00000, 0x0000000083f00000|100%| O|  |TAMS 0x0000000083f00000, 0x0000000083f00000| Untracked 
|  63|0x0000000083f00000, 0x0000000084000000, 0x0000000084000000|100%| O|  |TAMS 0x0000000084000000, 0x0000000084000000| Untracked 
|  64|0x0000000084000000, 0x0000000084100000, 0x0000000084100000|100%| O|  |TAMS 0x0000000084100000, 0x0000000084100000| Untracked 
|  65|0x0000000084100000, 0x0000000084200000, 0x0000000084200000|100%| O|  |TAMS 0x0000000084200000, 0x0000000084200000| Untracked 
|  66|0x0000000084200000, 0x0000000084300000, 0x0000000084300000|100%| O|  |TAMS 0x0000000084300000, 0x0000000084300000| Untracked 
|  67|0x0000000084300000, 0x0000000084400000, 0x0000000084400000|100%| O|  |TAMS 0x0000000084400000, 0x0000000084400000| Untracked 
|  68|0x0000000084400000, 0x0000000084500000, 0x0000000084500000|100%| O|  |TAMS 0x0000000084500000, 0x0000000084500000| Untracked 
|  69|0x0000000084500000, 0x0000000084600000, 0x0000000084600000|100%| O|  |TAMS 0x0000000084600000, 0x0000000084600000| Untracked 
|  70|0x0000000084600000, 0x0000000084700000, 0x0000000084700000|100%| O|  |TAMS 0x0000000084700000, 0x0000000084700000| Untracked 
|  71|0x0000000084700000, 0x0000000084800000, 0x0000000084800000|100%| O|  |TAMS 0x0000000084800000, 0x0000000084800000| Untracked 
|  72|0x0000000084800000, 0x0000000084900000, 0x0000000084900000|100%| O|  |TAMS 0x0000000084900000, 0x0000000084900000| Untracked 
|  73|0x0000000084900000, 0x0000000084a00000, 0x0000000084a00000|100%| O|  |TAMS 0x0000000084a00000, 0x0000000084a00000| Untracked 
|  74|0x0000000084a00000, 0x0000000084b00000, 0x0000000084b00000|100%| O|  |TAMS 0x0000000084b00000, 0x0000000084b00000| Untracked 
|  75|0x0000000084b00000, 0x0000000084c00000, 0x0000000084c00000|100%| O|  |TAMS 0x0000000084c00000, 0x0000000084c00000| Untracked 
|  76|0x0000000084c00000, 0x0000000084d00000, 0x0000000084d00000|100%|HS|  |TAMS 0x0000000084d00000, 0x0000000084d00000| Complete 
|  77|0x0000000084d00000, 0x0000000084e00000, 0x0000000084e00000|100%| O|  |TAMS 0x0000000084e00000, 0x0000000084e00000| Untracked 
|  78|0x0000000084e00000, 0x0000000084f00000, 0x0000000084f00000|100%| O|  |TAMS 0x0000000084f00000, 0x0000000084f00000| Untracked 
|  79|0x0000000084f00000, 0x0000000085000000, 0x0000000085000000|100%| O|  |TAMS 0x0000000085000000, 0x0000000085000000| Untracked 
|  80|0x0000000085000000, 0x0000000085100000, 0x0000000085100000|100%| O|  |TAMS 0x0000000085100000, 0x0000000085100000| Untracked 
|  81|0x0000000085100000, 0x0000000085200000, 0x0000000085200000|100%| O|  |TAMS 0x0000000085200000, 0x0000000085200000| Untracked 
|  82|0x0000000085200000, 0x0000000085300000, 0x0000000085300000|100%| O|  |TAMS 0x0000000085300000, 0x0000000085300000| Untracked 
|  83|0x0000000085300000, 0x0000000085400000, 0x0000000085400000|100%| O|  |TAMS 0x0000000085400000, 0x0000000085400000| Untracked 
|  84|0x0000000085400000, 0x0000000085500000, 0x0000000085500000|100%| O|  |TAMS 0x0000000085500000, 0x0000000085500000| Untracked 
|  85|0x0000000085500000, 0x0000000085600000, 0x0000000085600000|100%| O|  |TAMS 0x0000000085600000, 0x0000000085600000| Untracked 
|  86|0x0000000085600000, 0x0000000085700000, 0x0000000085700000|100%| O|  |TAMS 0x0000000085700000, 0x0000000085700000| Untracked 
|  87|0x0000000085700000, 0x0000000085800000, 0x0000000085800000|100%| O|  |TAMS 0x0000000085800000, 0x0000000085800000| Untracked 
|  88|0x0000000085800000, 0x0000000085900000, 0x0000000085900000|100%|HS|  |TAMS 0x0000000085900000, 0x0000000085900000| Complete 
|  89|0x0000000085900000, 0x0000000085a00000, 0x0000000085a00000|100%| O|  |TAMS 0x0000000085a00000, 0x0000000085a00000| Untracked 
|  90|0x0000000085a00000, 0x0000000085b00000, 0x0000000085b00000|100%| O|  |TAMS 0x0000000085b00000, 0x0000000085b00000| Untracked 
|  91|0x0000000085b00000, 0x0000000085c00000, 0x0000000085c00000|100%| O|  |TAMS 0x0000000085c00000, 0x0000000085c00000| Untracked 
|  92|0x0000000085c00000, 0x0000000085d00000, 0x0000000085d00000|100%| O|  |TAMS 0x0000000085d00000, 0x0000000085d00000| Untracked 
|  93|0x0000000085d00000, 0x0000000085e00000, 0x0000000085e00000|100%| O|  |TAMS 0x0000000085e00000, 0x0000000085e00000| Untracked 
|  94|0x0000000085e00000, 0x0000000085f00000, 0x0000000085f00000|100%| O|  |TAMS 0x0000000085f00000, 0x0000000085f00000| Untracked 
|  95|0x0000000085f00000, 0x0000000086000000, 0x0000000086000000|100%| O|  |TAMS 0x0000000086000000, 0x0000000086000000| Untracked 
|  96|0x0000000086000000, 0x0000000086100000, 0x0000000086100000|100%| O|  |TAMS 0x0000000086100000, 0x0000000086100000| Untracked 
|  97|0x0000000086100000, 0x0000000086200000, 0x0000000086200000|100%| O|  |TAMS 0x0000000086200000, 0x0000000086200000| Untracked 
|  98|0x0000000086200000, 0x0000000086300000, 0x0000000086300000|100%| O|  |TAMS 0x0000000086300000, 0x0000000086300000| Untracked 
|  99|0x0000000086300000, 0x0000000086400000, 0x0000000086400000|100%| O|  |TAMS 0x0000000086400000, 0x0000000086400000| Untracked 
| 100|0x0000000086400000, 0x0000000086500000, 0x0000000086500000|100%| O|  |TAMS 0x0000000086500000, 0x0000000086500000| Untracked 
| 101|0x0000000086500000, 0x0000000086600000, 0x0000000086600000|100%| O|  |TAMS 0x0000000086600000, 0x0000000086600000| Untracked 
| 102|0x0000000086600000, 0x0000000086700000, 0x0000000086700000|100%| O|  |TAMS 0x0000000086700000, 0x0000000086700000| Untracked 
| 103|0x0000000086700000, 0x0000000086800000, 0x0000000086800000|100%| O|  |TAMS 0x0000000086800000, 0x0000000086800000| Untracked 
| 104|0x0000000086800000, 0x0000000086900000, 0x0000000086900000|100%| O|  |TAMS 0x0000000086900000, 0x0000000086900000| Untracked 
| 105|0x0000000086900000, 0x0000000086a00000, 0x0000000086a00000|100%| O|  |TAMS 0x0000000086a00000, 0x0000000086a00000| Untracked 
| 106|0x0000000086a00000, 0x0000000086b00000, 0x0000000086b00000|100%| O|  |TAMS 0x0000000086b00000, 0x0000000086b00000| Untracked 
| 107|0x0000000086b00000, 0x0000000086c00000, 0x0000000086c00000|100%| O|  |TAMS 0x0000000086c00000, 0x0000000086c00000| Untracked 
| 108|0x0000000086c00000, 0x0000000086d00000, 0x0000000086d00000|100%| O|  |TAMS 0x0000000086d00000, 0x0000000086d00000| Untracked 
| 109|0x0000000086d00000, 0x0000000086e00000, 0x0000000086e00000|100%| O|  |TAMS 0x0000000086e00000, 0x0000000086e00000| Untracked 
| 110|0x0000000086e00000, 0x0000000086f00000, 0x0000000086f00000|100%| O|  |TAMS 0x0000000086f00000, 0x0000000086f00000| Untracked 
| 111|0x0000000086f00000, 0x0000000087000000, 0x0000000087000000|100%|HS|  |TAMS 0x0000000087000000, 0x0000000087000000| Complete 
| 112|0x0000000087000000, 0x0000000087100000, 0x0000000087100000|100%|HC|  |TAMS 0x0000000087100000, 0x0000000087100000| Complete 
| 113|0x0000000087100000, 0x0000000087200000, 0x0000000087200000|100%|HC|  |TAMS 0x0000000087200000, 0x0000000087200000| Complete 
| 114|0x0000000087200000, 0x0000000087300000, 0x0000000087300000|100%|HC|  |TAMS 0x0000000087300000, 0x0000000087300000| Complete 
| 115|0x0000000087300000, 0x0000000087400000, 0x0000000087400000|100%| O|  |TAMS 0x0000000087400000, 0x0000000087400000| Untracked 
| 116|0x0000000087400000, 0x0000000087500000, 0x0000000087500000|100%| O|  |TAMS 0x0000000087500000, 0x0000000087500000| Untracked 
| 117|0x0000000087500000, 0x0000000087600000, 0x0000000087600000|100%| O|  |TAMS 0x0000000087600000, 0x0000000087600000| Untracked 
| 118|0x0000000087600000, 0x0000000087700000, 0x0000000087700000|100%| O|  |TAMS 0x0000000087700000, 0x0000000087700000| Untracked 
| 119|0x0000000087700000, 0x0000000087800000, 0x0000000087800000|100%| O|  |TAMS 0x0000000087800000, 0x0000000087800000| Untracked 
| 120|0x0000000087800000, 0x0000000087900000, 0x0000000087900000|100%| O|  |TAMS 0x0000000087900000, 0x0000000087900000| Untracked 
| 121|0x0000000087900000, 0x0000000087a00000, 0x0000000087a00000|100%| O|  |TAMS 0x0000000087a00000, 0x0000000087a00000| Untracked 
| 122|0x0000000087a00000, 0x0000000087b00000, 0x0000000087b00000|100%|HS|  |TAMS 0x0000000087b00000, 0x0000000087b00000| Complete 
| 123|0x0000000087b00000, 0x0000000087c00000, 0x0000000087c00000|100%|HC|  |TAMS 0x0000000087c00000, 0x0000000087c00000| Complete 
| 124|0x0000000087c00000, 0x0000000087d00000, 0x0000000087d00000|100%| O|  |TAMS 0x0000000087d00000, 0x0000000087d00000| Untracked 
| 125|0x0000000087d00000, 0x0000000087e00000, 0x0000000087e00000|100%| O|  |TAMS 0x0000000087e00000, 0x0000000087e00000| Untracked 
| 126|0x0000000087e00000, 0x0000000087f00000, 0x0000000087f00000|100%| O|  |TAMS 0x0000000087f00000, 0x0000000087f00000| Untracked 
| 127|0x0000000087f00000, 0x0000000088000000, 0x0000000088000000|100%| O|  |TAMS 0x0000000088000000, 0x0000000088000000| Untracked 
| 128|0x0000000088000000, 0x0000000088100000, 0x0000000088100000|100%| O|  |TAMS 0x0000000088100000, 0x0000000088100000| Untracked 
| 129|0x0000000088100000, 0x0000000088200000, 0x0000000088200000|100%| O|  |TAMS 0x0000000088200000, 0x0000000088200000| Untracked 
| 130|0x0000000088200000, 0x0000000088300000, 0x0000000088300000|100%| O|  |TAMS 0x0000000088200000, 0x0000000088300000| Untracked 
| 131|0x0000000088300000, 0x0000000088400000, 0x0000000088400000|100%|HS|  |TAMS 0x0000000088400000, 0x0000000088400000| Complete 
| 132|0x0000000088400000, 0x0000000088500000, 0x0000000088500000|100%|HC|  |TAMS 0x0000000088500000, 0x0000000088500000| Complete 
| 133|0x0000000088500000, 0x0000000088600000, 0x0000000088600000|100%|HC|  |TAMS 0x0000000088600000, 0x0000000088600000| Complete 
| 134|0x0000000088600000, 0x0000000088700000, 0x0000000088700000|100%| O|  |TAMS 0x0000000088700000, 0x0000000088700000| Untracked 
| 135|0x0000000088700000, 0x0000000088800000, 0x0000000088800000|100%| O|  |TAMS 0x0000000088800000, 0x0000000088800000| Untracked 
| 136|0x0000000088800000, 0x0000000088900000, 0x0000000088900000|100%|HS|  |TAMS 0x0000000088900000, 0x0000000088900000| Complete 
| 137|0x0000000088900000, 0x0000000088a00000, 0x0000000088a00000|100%|HC|  |TAMS 0x0000000088a00000, 0x0000000088a00000| Complete 
| 138|0x0000000088a00000, 0x0000000088b00000, 0x0000000088b00000|100%|HC|  |TAMS 0x0000000088b00000, 0x0000000088b00000| Complete 
| 139|0x0000000088b00000, 0x0000000088c00000, 0x0000000088c00000|100%| O|  |TAMS 0x0000000088c00000, 0x0000000088c00000| Untracked 
| 140|0x0000000088c00000, 0x0000000088d00000, 0x0000000088d00000|100%| O|  |TAMS 0x0000000088d00000, 0x0000000088d00000| Untracked 
| 141|0x0000000088d00000, 0x0000000088e00000, 0x0000000088e00000|100%|HS|  |TAMS 0x0000000088e00000, 0x0000000088e00000| Complete 
| 142|0x0000000088e00000, 0x0000000088f00000, 0x0000000088f00000|100%|HC|  |TAMS 0x0000000088f00000, 0x0000000088f00000| Complete 
| 143|0x0000000088f00000, 0x0000000089000000, 0x0000000089000000|100%|HC|  |TAMS 0x0000000089000000, 0x0000000089000000| Complete 
| 144|0x0000000089000000, 0x0000000089100000, 0x0000000089100000|100%|HC|  |TAMS 0x0000000089100000, 0x0000000089100000| Complete 
| 145|0x0000000089100000, 0x0000000089200000, 0x0000000089200000|100%| O|  |TAMS 0x0000000089200000, 0x0000000089200000| Untracked 
| 146|0x0000000089200000, 0x0000000089300000, 0x0000000089300000|100%| O|  |TAMS 0x0000000089300000, 0x0000000089300000| Untracked 
| 147|0x0000000089300000, 0x0000000089400000, 0x0000000089400000|100%| O|  |TAMS 0x0000000089400000, 0x0000000089400000| Untracked 
| 148|0x0000000089400000, 0x0000000089500000, 0x0000000089500000|100%| O|  |TAMS 0x0000000089500000, 0x0000000089500000| Untracked 
| 149|0x0000000089500000, 0x0000000089600000, 0x0000000089600000|100%| O|  |TAMS 0x0000000089600000, 0x0000000089600000| Untracked 
| 150|0x0000000089600000, 0x0000000089700000, 0x0000000089700000|100%| O|  |TAMS 0x0000000089700000, 0x0000000089700000| Untracked 
| 151|0x0000000089700000, 0x0000000089800000, 0x0000000089800000|100%| O|  |TAMS 0x0000000089800000, 0x0000000089800000| Untracked 
| 152|0x0000000089800000, 0x0000000089900000, 0x0000000089900000|100%| O|  |TAMS 0x0000000089900000, 0x0000000089900000| Untracked 
| 153|0x0000000089900000, 0x0000000089a00000, 0x0000000089a00000|100%| O|  |TAMS 0x0000000089a00000, 0x0000000089a00000| Untracked 
| 154|0x0000000089a00000, 0x0000000089b00000, 0x0000000089b00000|100%| O|  |TAMS 0x0000000089b00000, 0x0000000089b00000| Untracked 
| 155|0x0000000089b00000, 0x0000000089c00000, 0x0000000089c00000|100%|HS|  |TAMS 0x0000000089c00000, 0x0000000089c00000| Complete 
| 156|0x0000000089c00000, 0x0000000089d00000, 0x0000000089d00000|100%|HC|  |TAMS 0x0000000089d00000, 0x0000000089d00000| Complete 
| 157|0x0000000089d00000, 0x0000000089e00000, 0x0000000089e00000|100%|HC|  |TAMS 0x0000000089e00000, 0x0000000089e00000| Complete 
| 158|0x0000000089e00000, 0x0000000089f00000, 0x0000000089f00000|100%|HS|  |TAMS 0x0000000089f00000, 0x0000000089f00000| Complete 
| 159|0x0000000089f00000, 0x000000008a000000, 0x000000008a000000|100%|HC|  |TAMS 0x000000008a000000, 0x000000008a000000| Complete 
| 160|0x000000008a000000, 0x000000008a100000, 0x000000008a100000|100%|HC|  |TAMS 0x000000008a100000, 0x000000008a100000| Complete 
| 161|0x000000008a100000, 0x000000008a200000, 0x000000008a200000|100%| O|  |TAMS 0x000000008a200000, 0x000000008a200000| Untracked 
| 162|0x000000008a200000, 0x000000008a300000, 0x000000008a300000|100%| O|  |TAMS 0x000000008a300000, 0x000000008a300000| Untracked 
| 163|0x000000008a300000, 0x000000008a400000, 0x000000008a400000|100%| O|  |TAMS 0x000000008a400000, 0x000000008a400000| Untracked 
| 164|0x000000008a400000, 0x000000008a500000, 0x000000008a500000|100%| O|  |TAMS 0x000000008a500000, 0x000000008a500000| Untracked 
| 165|0x000000008a500000, 0x000000008a600000, 0x000000008a600000|100%| O|  |TAMS 0x000000008a600000, 0x000000008a600000| Untracked 
| 166|0x000000008a600000, 0x000000008a700000, 0x000000008a700000|100%| O|  |TAMS 0x000000008a700000, 0x000000008a700000| Untracked 
| 167|0x000000008a700000, 0x000000008a800000, 0x000000008a800000|100%| O|  |TAMS 0x000000008a800000, 0x000000008a800000| Untracked 
| 168|0x000000008a800000, 0x000000008a900000, 0x000000008a900000|100%| O|  |TAMS 0x000000008a900000, 0x000000008a900000| Untracked 
| 169|0x000000008a900000, 0x000000008aa00000, 0x000000008aa00000|100%| O|  |TAMS 0x000000008aa00000, 0x000000008aa00000| Untracked 
| 170|0x000000008aa00000, 0x000000008ab00000, 0x000000008ab00000|100%| O|  |TAMS 0x000000008ab00000, 0x000000008ab00000| Untracked 
| 171|0x000000008ab00000, 0x000000008ac00000, 0x000000008ac00000|100%| O|  |TAMS 0x000000008ac00000, 0x000000008ac00000| Untracked 
| 172|0x000000008ac00000, 0x000000008ad00000, 0x000000008ad00000|100%| O|  |TAMS 0x000000008ad00000, 0x000000008ad00000| Untracked 
| 173|0x000000008ad00000, 0x000000008ae00000, 0x000000008ae00000|100%| O|  |TAMS 0x000000008ae00000, 0x000000008ae00000| Untracked 
| 174|0x000000008ae00000, 0x000000008af00000, 0x000000008af00000|100%| O|  |TAMS 0x000000008af00000, 0x000000008af00000| Untracked 
| 175|0x000000008af00000, 0x000000008b000000, 0x000000008b000000|100%| O|  |TAMS 0x000000008b000000, 0x000000008b000000| Untracked 
| 176|0x000000008b000000, 0x000000008b100000, 0x000000008b100000|100%|HS|  |TAMS 0x000000008b100000, 0x000000008b100000| Complete 
| 177|0x000000008b100000, 0x000000008b200000, 0x000000008b200000|100%|HC|  |TAMS 0x000000008b200000, 0x000000008b200000| Complete 
| 178|0x000000008b200000, 0x000000008b300000, 0x000000008b300000|100%|HS|  |TAMS 0x000000008b300000, 0x000000008b300000| Complete 
| 179|0x000000008b300000, 0x000000008b400000, 0x000000008b400000|100%|HC|  |TAMS 0x000000008b400000, 0x000000008b400000| Complete 
| 180|0x000000008b400000, 0x000000008b500000, 0x000000008b500000|100%|HC|  |TAMS 0x000000008b500000, 0x000000008b500000| Complete 
| 181|0x000000008b500000, 0x000000008b600000, 0x000000008b600000|100%| O|  |TAMS 0x000000008b600000, 0x000000008b600000| Untracked 
| 182|0x000000008b600000, 0x000000008b700000, 0x000000008b700000|100%| O|  |TAMS 0x000000008b700000, 0x000000008b700000| Untracked 
| 183|0x000000008b700000, 0x000000008b800000, 0x000000008b800000|100%| O|  |TAMS 0x000000008b800000, 0x000000008b800000| Untracked 
| 184|0x000000008b800000, 0x000000008b900000, 0x000000008b900000|100%| O|  |TAMS 0x000000008b900000, 0x000000008b900000| Untracked 
| 185|0x000000008b900000, 0x000000008ba00000, 0x000000008ba00000|100%| O|  |TAMS 0x000000008ba00000, 0x000000008ba00000| Untracked 
| 186|0x000000008ba00000, 0x000000008bb00000, 0x000000008bb00000|100%| O|  |TAMS 0x000000008bb00000, 0x000000008bb00000| Untracked 
| 187|0x000000008bb00000, 0x000000008bc00000, 0x000000008bc00000|100%| O|  |TAMS 0x000000008bc00000, 0x000000008bc00000| Untracked 
| 188|0x000000008bc00000, 0x000000008bd00000, 0x000000008bd00000|100%| O|  |TAMS 0x000000008bd00000, 0x000000008bd00000| Untracked 
| 189|0x000000008bd00000, 0x000000008be00000, 0x000000008be00000|100%| O|  |TAMS 0x000000008be00000, 0x000000008be00000| Untracked 
| 190|0x000000008be00000, 0x000000008bf00000, 0x000000008bf00000|100%| O|  |TAMS 0x000000008bf00000, 0x000000008bf00000| Untracked 
| 191|0x000000008bf00000, 0x000000008c000000, 0x000000008c000000|100%| O|  |TAMS 0x000000008c000000, 0x000000008c000000| Untracked 
| 192|0x000000008c000000, 0x000000008c100000, 0x000000008c100000|100%| O|  |TAMS 0x000000008c100000, 0x000000008c100000| Untracked 
| 193|0x000000008c100000, 0x000000008c200000, 0x000000008c200000|100%| O|  |TAMS 0x000000008c200000, 0x000000008c200000| Untracked 
| 194|0x000000008c200000, 0x000000008c300000, 0x000000008c300000|100%| O|  |TAMS 0x000000008c300000, 0x000000008c300000| Untracked 
| 195|0x000000008c300000, 0x000000008c400000, 0x000000008c400000|100%| O|  |TAMS 0x000000008c400000, 0x000000008c400000| Untracked 
| 196|0x000000008c400000, 0x000000008c500000, 0x000000008c500000|100%| O|  |TAMS 0x000000008c500000, 0x000000008c500000| Untracked 
| 197|0x000000008c500000, 0x000000008c600000, 0x000000008c600000|100%| O|  |TAMS 0x000000008c600000, 0x000000008c600000| Untracked 
| 198|0x000000008c600000, 0x000000008c700000, 0x000000008c700000|100%| O|  |TAMS 0x000000008c700000, 0x000000008c700000| Untracked 
| 199|0x000000008c700000, 0x000000008c800000, 0x000000008c800000|100%| O|  |TAMS 0x000000008c800000, 0x000000008c800000| Untracked 
| 200|0x000000008c800000, 0x000000008c900000, 0x000000008c900000|100%| O|  |TAMS 0x000000008c900000, 0x000000008c900000| Untracked 
| 201|0x000000008c900000, 0x000000008ca00000, 0x000000008ca00000|100%| O|  |TAMS 0x000000008ca00000, 0x000000008ca00000| Untracked 
| 202|0x000000008ca00000, 0x000000008cb00000, 0x000000008cb00000|100%| O|  |TAMS 0x000000008cb00000, 0x000000008cb00000| Untracked 
| 203|0x000000008cb00000, 0x000000008cc00000, 0x000000008cc00000|100%| O|  |TAMS 0x000000008cc00000, 0x000000008cc00000| Untracked 
| 204|0x000000008cc00000, 0x000000008cd00000, 0x000000008cd00000|100%| O|  |TAMS 0x000000008cd00000, 0x000000008cd00000| Untracked 
| 205|0x000000008cd00000, 0x000000008ce00000, 0x000000008ce00000|100%| O|  |TAMS 0x000000008ce00000, 0x000000008ce00000| Untracked 
| 206|0x000000008ce00000, 0x000000008cf00000, 0x000000008cf00000|100%| O|  |TAMS 0x000000008cf00000, 0x000000008cf00000| Untracked 
| 207|0x000000008cf00000, 0x000000008d000000, 0x000000008d000000|100%| O|  |TAMS 0x000000008d000000, 0x000000008d000000| Untracked 
| 208|0x000000008d000000, 0x000000008d100000, 0x000000008d100000|100%| O|  |TAMS 0x000000008d100000, 0x000000008d100000| Untracked 
| 209|0x000000008d100000, 0x000000008d200000, 0x000000008d200000|100%| O|  |TAMS 0x000000008d200000, 0x000000008d200000| Untracked 
| 210|0x000000008d200000, 0x000000008d300000, 0x000000008d300000|100%| O|  |TAMS 0x000000008d300000, 0x000000008d300000| Untracked 
| 211|0x000000008d300000, 0x000000008d400000, 0x000000008d400000|100%| O|  |TAMS 0x000000008d400000, 0x000000008d400000| Untracked 
| 212|0x000000008d400000, 0x000000008d500000, 0x000000008d500000|100%|HS|  |TAMS 0x000000008d500000, 0x000000008d500000| Complete 
| 213|0x000000008d500000, 0x000000008d600000, 0x000000008d600000|100%|HS|  |TAMS 0x000000008d600000, 0x000000008d600000| Complete 
| 214|0x000000008d600000, 0x000000008d700000, 0x000000008d700000|100%|HC|  |TAMS 0x000000008d700000, 0x000000008d700000| Complete 
| 215|0x000000008d700000, 0x000000008d800000, 0x000000008d800000|100%|HC|  |TAMS 0x000000008d800000, 0x000000008d800000| Complete 
| 216|0x000000008d800000, 0x000000008d900000, 0x000000008d900000|100%|HC|  |TAMS 0x000000008d900000, 0x000000008d900000| Complete 
| 217|0x000000008d900000, 0x000000008da00000, 0x000000008da00000|100%| O|  |TAMS 0x000000008da00000, 0x000000008da00000| Untracked 
| 218|0x000000008da00000, 0x000000008db00000, 0x000000008db00000|100%| O|  |TAMS 0x000000008db00000, 0x000000008db00000| Untracked 
| 219|0x000000008db00000, 0x000000008dc00000, 0x000000008dc00000|100%| O|  |TAMS 0x000000008dc00000, 0x000000008dc00000| Untracked 
| 220|0x000000008dc00000, 0x000000008dd00000, 0x000000008dd00000|100%| O|  |TAMS 0x000000008dd00000, 0x000000008dd00000| Untracked 
| 221|0x000000008dd00000, 0x000000008de00000, 0x000000008de00000|100%| O|  |TAMS 0x000000008dd9ee00, 0x000000008de00000| Untracked 
| 222|0x000000008de00000, 0x000000008df00000, 0x000000008df00000|100%| O|  |TAMS 0x000000008de00000, 0x000000008df00000| Untracked 
| 223|0x000000008df00000, 0x000000008e000000, 0x000000008e000000|100%| O|  |TAMS 0x000000008e000000, 0x000000008e000000| Untracked 
| 224|0x000000008e000000, 0x000000008e100000, 0x000000008e100000|100%| O|  |TAMS 0x000000008e000000, 0x000000008e100000| Untracked 
| 225|0x000000008e100000, 0x000000008e200000, 0x000000008e200000|100%| O|  |TAMS 0x000000008e200000, 0x000000008e200000| Untracked 
| 226|0x000000008e200000, 0x000000008e300000, 0x000000008e300000|100%| O|  |TAMS 0x000000008e300000, 0x000000008e300000| Untracked 
| 227|0x000000008e300000, 0x000000008e400000, 0x000000008e400000|100%| O|  |TAMS 0x000000008e400000, 0x000000008e400000| Untracked 
| 228|0x000000008e400000, 0x000000008e500000, 0x000000008e500000|100%| O|  |TAMS 0x000000008e500000, 0x000000008e500000| Untracked 
| 229|0x000000008e500000, 0x000000008e600000, 0x000000008e600000|100%| O|  |TAMS 0x000000008e600000, 0x000000008e600000| Untracked 
| 230|0x000000008e600000, 0x000000008e700000, 0x000000008e700000|100%| O|  |TAMS 0x000000008e700000, 0x000000008e700000| Untracked 
| 231|0x000000008e700000, 0x000000008e800000, 0x000000008e800000|100%| O|  |TAMS 0x000000008e800000, 0x000000008e800000| Untracked 
| 232|0x000000008e800000, 0x000000008e900000, 0x000000008e900000|100%| O|  |TAMS 0x000000008e900000, 0x000000008e900000| Untracked 
| 233|0x000000008e900000, 0x000000008ea00000, 0x000000008ea00000|100%| O|  |TAMS 0x000000008ea00000, 0x000000008ea00000| Untracked 
| 234|0x000000008ea00000, 0x000000008eb00000, 0x000000008eb00000|100%| O|  |TAMS 0x000000008eb00000, 0x000000008eb00000| Untracked 
| 235|0x000000008eb00000, 0x000000008ec00000, 0x000000008ec00000|100%| O|  |TAMS 0x000000008ec00000, 0x000000008ec00000| Untracked 
| 236|0x000000008ec00000, 0x000000008ed00000, 0x000000008ed00000|100%| O|  |TAMS 0x000000008ed00000, 0x000000008ed00000| Untracked 
| 237|0x000000008ed00000, 0x000000008ee00000, 0x000000008ee00000|100%| O|  |TAMS 0x000000008ee00000, 0x000000008ee00000| Untracked 
| 238|0x000000008ee00000, 0x000000008ef00000, 0x000000008ef00000|100%| O|  |TAMS 0x000000008ef00000, 0x000000008ef00000| Untracked 
| 239|0x000000008ef00000, 0x000000008f000000, 0x000000008f000000|100%| O|  |TAMS 0x000000008ef00000, 0x000000008f000000| Untracked 
| 240|0x000000008f000000, 0x000000008f100000, 0x000000008f100000|100%| O|  |TAMS 0x000000008f100000, 0x000000008f100000| Untracked 
| 241|0x000000008f100000, 0x000000008f200000, 0x000000008f200000|100%| O|  |TAMS 0x000000008f200000, 0x000000008f200000| Untracked 
| 242|0x000000008f200000, 0x000000008f300000, 0x000000008f300000|100%| O|  |TAMS 0x000000008f300000, 0x000000008f300000| Untracked 
| 243|0x000000008f300000, 0x000000008f400000, 0x000000008f400000|100%| O|  |TAMS 0x000000008f400000, 0x000000008f400000| Untracked 
| 244|0x000000008f400000, 0x000000008f500000, 0x000000008f500000|100%| O|  |TAMS 0x000000008f500000, 0x000000008f500000| Untracked 
| 245|0x000000008f500000, 0x000000008f600000, 0x000000008f600000|100%| O|  |TAMS 0x000000008f600000, 0x000000008f600000| Untracked 
| 246|0x000000008f600000, 0x000000008f700000, 0x000000008f700000|100%| O|  |TAMS 0x000000008f600000, 0x000000008f700000| Untracked 
| 247|0x000000008f700000, 0x000000008f800000, 0x000000008f800000|100%| O|  |TAMS 0x000000008f800000, 0x000000008f800000| Untracked 
| 248|0x000000008f800000, 0x000000008f900000, 0x000000008f900000|100%| O|  |TAMS 0x000000008f800000, 0x000000008f900000| Untracked 
| 249|0x000000008f900000, 0x000000008fa00000, 0x000000008fa00000|100%| O|  |TAMS 0x000000008fa00000, 0x000000008fa00000| Untracked 
| 250|0x000000008fa00000, 0x000000008fb00000, 0x000000008fb00000|100%| O|  |TAMS 0x000000008fb00000, 0x000000008fb00000| Untracked 
| 251|0x000000008fb00000, 0x000000008fc00000, 0x000000008fc00000|100%| O|  |TAMS 0x000000008fc00000, 0x000000008fc00000| Untracked 
| 252|0x000000008fc00000, 0x000000008fd00000, 0x000000008fd00000|100%| O|  |TAMS 0x000000008fc00000, 0x000000008fd00000| Untracked 
| 253|0x000000008fd00000, 0x000000008fdfb200, 0x000000008fe00000| 98%| O|  |TAMS 0x000000008fd00000, 0x000000008fdfb200| Untracked 
| 254|0x000000008fe00000, 0x000000008fe00000, 0x000000008ff00000|  0%| F|  |TAMS 0x000000008fe00000, 0x000000008fe00000| Untracked 
| 255|0x000000008ff00000, 0x0000000090000000, 0x0000000090000000|100%| O|  |TAMS 0x0000000090000000, 0x0000000090000000| Untracked 
| 256|0x0000000090000000, 0x0000000090000000, 0x0000000090100000|  0%| F|  |TAMS 0x0000000090000000, 0x0000000090000000| Untracked 
| 257|0x0000000090100000, 0x0000000090100000, 0x0000000090200000|  0%| F|  |TAMS 0x0000000090100000, 0x0000000090100000| Untracked 
| 258|0x0000000090200000, 0x0000000090300000, 0x0000000090300000|100%| O|  |TAMS 0x0000000090300000, 0x0000000090300000| Untracked 
| 259|0x0000000090300000, 0x0000000090400000, 0x0000000090400000|100%| O|  |TAMS 0x0000000090400000, 0x0000000090400000| Untracked 
| 260|0x0000000090400000, 0x0000000090500000, 0x0000000090500000|100%| O|  |TAMS 0x0000000090500000, 0x0000000090500000| Untracked 
| 261|0x0000000090500000, 0x0000000090600000, 0x0000000090600000|100%| O|  |TAMS 0x0000000090600000, 0x0000000090600000| Untracked 
| 262|0x0000000090600000, 0x0000000090600000, 0x0000000090700000|  0%| F|  |TAMS 0x0000000090600000, 0x0000000090600000| Untracked 
| 263|0x0000000090700000, 0x0000000090700000, 0x0000000090800000|  0%| F|  |TAMS 0x0000000090700000, 0x0000000090700000| Untracked 
| 264|0x0000000090800000, 0x0000000090800000, 0x0000000090900000|  0%| F|  |TAMS 0x0000000090800000, 0x0000000090800000| Untracked 
| 265|0x0000000090900000, 0x0000000090a00000, 0x0000000090a00000|100%| O|  |TAMS 0x0000000090a00000, 0x0000000090a00000| Untracked 
| 266|0x0000000090a00000, 0x0000000090b00000, 0x0000000090b00000|100%| O|  |TAMS 0x0000000090b00000, 0x0000000090b00000| Untracked 
| 267|0x0000000090b00000, 0x0000000090c00000, 0x0000000090c00000|100%| O|  |TAMS 0x0000000090c00000, 0x0000000090c00000| Untracked 
| 268|0x0000000090c00000, 0x0000000090c00000, 0x0000000090d00000|  0%| F|  |TAMS 0x0000000090c00000, 0x0000000090c00000| Untracked 
| 269|0x0000000090d00000, 0x0000000090d00000, 0x0000000090e00000|  0%| F|  |TAMS 0x0000000090d00000, 0x0000000090d00000| Untracked 
| 270|0x0000000090e00000, 0x0000000090f00000, 0x0000000090f00000|100%| O|  |TAMS 0x0000000090f00000, 0x0000000090f00000| Untracked 
| 271|0x0000000090f00000, 0x0000000091000000, 0x0000000091000000|100%| O|  |TAMS 0x0000000091000000, 0x0000000091000000| Untracked 
| 272|0x0000000091000000, 0x0000000091000000, 0x0000000091100000|  0%| F|  |TAMS 0x0000000091000000, 0x0000000091000000| Untracked 
| 273|0x0000000091100000, 0x0000000091200000, 0x0000000091200000|100%| O|  |TAMS 0x0000000091200000, 0x0000000091200000| Untracked 
| 274|0x0000000091200000, 0x0000000091200000, 0x0000000091300000|  0%| F|  |TAMS 0x0000000091200000, 0x0000000091200000| Untracked 
| 275|0x0000000091300000, 0x0000000091300000, 0x0000000091400000|  0%| F|  |TAMS 0x0000000091300000, 0x0000000091300000| Untracked 
| 276|0x0000000091400000, 0x0000000091500000, 0x0000000091500000|100%| O|  |TAMS 0x0000000091500000, 0x0000000091500000| Untracked 
| 277|0x0000000091500000, 0x0000000091500000, 0x0000000091600000|  0%| F|  |TAMS 0x0000000091500000, 0x0000000091500000| Untracked 
| 278|0x0000000091600000, 0x0000000091700000, 0x0000000091700000|100%| O|  |TAMS 0x0000000091700000, 0x0000000091700000| Untracked 
| 279|0x0000000091700000, 0x0000000091800000, 0x0000000091800000|100%| O|  |TAMS 0x0000000091800000, 0x0000000091800000| Untracked 
| 280|0x0000000091800000, 0x0000000091900000, 0x0000000091900000|100%| O|  |TAMS 0x0000000091900000, 0x0000000091900000| Untracked 
| 281|0x0000000091900000, 0x0000000091a00000, 0x0000000091a00000|100%| O|  |TAMS 0x0000000091a00000, 0x0000000091a00000| Untracked 
| 282|0x0000000091a00000, 0x0000000091b00000, 0x0000000091b00000|100%| O|  |TAMS 0x0000000091b00000, 0x0000000091b00000| Untracked 
| 283|0x0000000091b00000, 0x0000000091b00000, 0x0000000091c00000|  0%| F|  |TAMS 0x0000000091b00000, 0x0000000091b00000| Untracked 
| 284|0x0000000091c00000, 0x0000000091d00000, 0x0000000091d00000|100%| O|  |TAMS 0x0000000091d00000, 0x0000000091d00000| Untracked 
| 285|0x0000000091d00000, 0x0000000091d00000, 0x0000000091e00000|  0%| F|  |TAMS 0x0000000091d00000, 0x0000000091d00000| Untracked 
| 286|0x0000000091e00000, 0x0000000091f00000, 0x0000000091f00000|100%| O|  |TAMS 0x0000000091f00000, 0x0000000091f00000| Untracked 
| 287|0x0000000091f00000, 0x0000000092000000, 0x0000000092000000|100%| O|  |TAMS 0x0000000092000000, 0x0000000092000000| Untracked 
| 288|0x0000000092000000, 0x0000000092100000, 0x0000000092100000|100%| O|  |TAMS 0x0000000092100000, 0x0000000092100000| Untracked 
| 289|0x0000000092100000, 0x0000000092200000, 0x0000000092200000|100%| O|  |TAMS 0x0000000092200000, 0x0000000092200000| Untracked 
| 290|0x0000000092200000, 0x0000000092300000, 0x0000000092300000|100%| O|  |TAMS 0x0000000092300000, 0x0000000092300000| Untracked 
| 291|0x0000000092300000, 0x0000000092400000, 0x0000000092400000|100%| O|  |TAMS 0x0000000092400000, 0x0000000092400000| Untracked 
| 292|0x0000000092400000, 0x0000000092500000, 0x0000000092500000|100%| O|  |TAMS 0x0000000092500000, 0x0000000092500000| Untracked 
| 293|0x0000000092500000, 0x0000000092600000, 0x0000000092600000|100%| O|  |TAMS 0x0000000092600000, 0x0000000092600000| Untracked 
| 294|0x0000000092600000, 0x0000000092700000, 0x0000000092700000|100%| O|  |TAMS 0x0000000092700000, 0x0000000092700000| Untracked 
| 295|0x0000000092700000, 0x0000000092800000, 0x0000000092800000|100%| O|  |TAMS 0x0000000092800000, 0x0000000092800000| Untracked 
| 296|0x0000000092800000, 0x0000000092800000, 0x0000000092900000|  0%| F|  |TAMS 0x0000000092800000, 0x0000000092800000| Untracked 
| 297|0x0000000092900000, 0x0000000092900000, 0x0000000092a00000|  0%| F|  |TAMS 0x0000000092900000, 0x0000000092900000| Untracked 
| 298|0x0000000092a00000, 0x0000000092a00000, 0x0000000092b00000|  0%| F|  |TAMS 0x0000000092a00000, 0x0000000092a00000| Untracked 
| 299|0x0000000092b00000, 0x0000000092b00000, 0x0000000092c00000|  0%| F|  |TAMS 0x0000000092b00000, 0x0000000092b00000| Untracked 
| 300|0x0000000092c00000, 0x0000000092c00000, 0x0000000092d00000|  0%| F|  |TAMS 0x0000000092c00000, 0x0000000092c00000| Untracked 
| 301|0x0000000092d00000, 0x0000000092d00000, 0x0000000092e00000|  0%| F|  |TAMS 0x0000000092d00000, 0x0000000092d00000| Untracked 
| 302|0x0000000092e00000, 0x0000000092e00000, 0x0000000092f00000|  0%| F|  |TAMS 0x0000000092e00000, 0x0000000092e00000| Untracked 
| 303|0x0000000092f00000, 0x0000000092f00000, 0x0000000093000000|  0%| F|  |TAMS 0x0000000092f00000, 0x0000000092f00000| Untracked 
| 304|0x0000000093000000, 0x0000000093000000, 0x0000000093100000|  0%| F|  |TAMS 0x0000000093000000, 0x0000000093000000| Untracked 
| 305|0x0000000093100000, 0x0000000093100000, 0x0000000093200000|  0%| F|  |TAMS 0x0000000093100000, 0x0000000093100000| Untracked 
| 306|0x0000000093200000, 0x0000000093200000, 0x0000000093300000|  0%| F|  |TAMS 0x0000000093200000, 0x0000000093200000| Untracked 
| 307|0x0000000093300000, 0x0000000093300000, 0x0000000093400000|  0%| F|  |TAMS 0x0000000093300000, 0x0000000093300000| Untracked 
| 308|0x0000000093400000, 0x0000000093400000, 0x0000000093500000|  0%| F|  |TAMS 0x0000000093400000, 0x0000000093400000| Untracked 
| 309|0x0000000093500000, 0x0000000093500000, 0x0000000093600000|  0%| F|  |TAMS 0x0000000093500000, 0x0000000093500000| Untracked 
| 310|0x0000000093600000, 0x0000000093600000, 0x0000000093700000|  0%| F|  |TAMS 0x0000000093600000, 0x0000000093600000| Untracked 
| 311|0x0000000093700000, 0x0000000093700000, 0x0000000093800000|  0%| F|  |TAMS 0x0000000093700000, 0x0000000093700000| Untracked 
| 312|0x0000000093800000, 0x0000000093800000, 0x0000000093900000|  0%| F|  |TAMS 0x0000000093800000, 0x0000000093800000| Untracked 
| 313|0x0000000093900000, 0x0000000093900000, 0x0000000093a00000|  0%| F|  |TAMS 0x0000000093900000, 0x0000000093900000| Untracked 
| 314|0x0000000093a00000, 0x0000000093a00000, 0x0000000093b00000|  0%| F|  |TAMS 0x0000000093a00000, 0x0000000093a00000| Untracked 
| 315|0x0000000093b00000, 0x0000000093b00000, 0x0000000093c00000|  0%| F|  |TAMS 0x0000000093b00000, 0x0000000093b00000| Untracked 
| 316|0x0000000093c00000, 0x0000000093d00000, 0x0000000093d00000|100%| S|CS|TAMS 0x0000000093c00000, 0x0000000093c00000| Complete 
| 317|0x0000000093d00000, 0x0000000093e00000, 0x0000000093e00000|100%| S|CS|TAMS 0x0000000093d00000, 0x0000000093d00000| Complete 
| 318|0x0000000093e00000, 0x0000000093f00000, 0x0000000093f00000|100%| S|CS|TAMS 0x0000000093e00000, 0x0000000093e00000| Complete 
| 319|0x0000000093f00000, 0x0000000093f00000, 0x0000000094000000|  0%| F|  |TAMS 0x0000000093f00000, 0x0000000093f00000| Untracked 
| 320|0x0000000094000000, 0x0000000094000000, 0x0000000094100000|  0%| F|  |TAMS 0x0000000094000000, 0x0000000094000000| Untracked 
| 321|0x0000000094100000, 0x0000000094100000, 0x0000000094200000|  0%| F|  |TAMS 0x0000000094100000, 0x0000000094100000| Untracked 
| 322|0x0000000094200000, 0x0000000094200000, 0x0000000094300000|  0%| F|  |TAMS 0x0000000094200000, 0x0000000094200000| Untracked 
| 323|0x0000000094300000, 0x0000000094300000, 0x0000000094400000|  0%| F|  |TAMS 0x0000000094300000, 0x0000000094300000| Untracked 
| 324|0x0000000094400000, 0x0000000094400000, 0x0000000094500000|  0%| F|  |TAMS 0x0000000094400000, 0x0000000094400000| Untracked 
| 325|0x0000000094500000, 0x0000000094500000, 0x0000000094600000|  0%| F|  |TAMS 0x0000000094500000, 0x0000000094500000| Untracked 
| 326|0x0000000094600000, 0x0000000094600000, 0x0000000094700000|  0%| F|  |TAMS 0x0000000094600000, 0x0000000094600000| Untracked 
| 327|0x0000000094700000, 0x0000000094700000, 0x0000000094800000|  0%| F|  |TAMS 0x0000000094700000, 0x0000000094700000| Untracked 
| 328|0x0000000094800000, 0x0000000094800000, 0x0000000094900000|  0%| F|  |TAMS 0x0000000094800000, 0x0000000094800000| Untracked 
| 329|0x0000000094900000, 0x0000000094900000, 0x0000000094a00000|  0%| F|  |TAMS 0x0000000094900000, 0x0000000094900000| Untracked 
| 330|0x0000000094a00000, 0x0000000094aedd18, 0x0000000094b00000| 92%| E|  |TAMS 0x0000000094a00000, 0x0000000094a00000| Complete 
| 331|0x0000000094b00000, 0x0000000094c00000, 0x0000000094c00000|100%| E|CS|TAMS 0x0000000094b00000, 0x0000000094b00000| Complete 
| 332|0x0000000094c00000, 0x0000000094d00000, 0x0000000094d00000|100%| E|  |TAMS 0x0000000094c00000, 0x0000000094c00000| Complete 
| 333|0x0000000094d00000, 0x0000000094e00000, 0x0000000094e00000|100%| E|CS|TAMS 0x0000000094d00000, 0x0000000094d00000| Complete 
| 334|0x0000000094e00000, 0x0000000094f00000, 0x0000000094f00000|100%| E|CS|TAMS 0x0000000094e00000, 0x0000000094e00000| Complete 
| 335|0x0000000094f00000, 0x0000000095000000, 0x0000000095000000|100%| E|CS|TAMS 0x0000000094f00000, 0x0000000094f00000| Complete 
| 336|0x0000000095000000, 0x0000000095100000, 0x0000000095100000|100%| E|CS|TAMS 0x0000000095000000, 0x0000000095000000| Complete 
| 337|0x0000000095100000, 0x0000000095200000, 0x0000000095200000|100%| E|CS|TAMS 0x0000000095100000, 0x0000000095100000| Complete 
| 338|0x0000000095200000, 0x0000000095300000, 0x0000000095300000|100%| E|CS|TAMS 0x0000000095200000, 0x0000000095200000| Complete 
| 339|0x0000000095300000, 0x0000000095400000, 0x0000000095400000|100%| E|CS|TAMS 0x0000000095300000, 0x0000000095300000| Complete 

Card table byte_map: [0x000002aa18ac0000,0x000002aa18ec0000] _byte_map_base: 0x000002aa186c0000

Marking Bits (Prev, Next): (CMBitMap*) 0x000002aa03db1d68, (CMBitMap*) 0x000002aa03db1da0
 Prev Bits: [0x000002aa192c0000, 0x000002aa1b2c0000)
 Next Bits: [0x000002aa1b2c0000, 0x000002aa1d2c0000)

Polling page: 0x000002aa03bc0000

Metaspace:

Usage:
  Non-class:    241.97 MB capacity,   238.08 MB ( 98%) used,     3.16 MB (  1%) free+waste,   756.06 KB ( <1%) overhead. 
      Class:     36.07 MB capacity,    33.92 MB ( 94%) used,     1.83 MB (  5%) free+waste,   327.38 KB ( <1%) overhead. 
       Both:    278.04 MB capacity,   272.00 MB ( 98%) used,     4.98 MB (  2%) free+waste,     1.06 MB ( <1%) overhead. 

Virtual space:
  Non-class space:      244.00 MB reserved,     242.09 MB (>99%) committed 
      Class space:        1.00 GB reserved,      36.10 MB (  4%) committed 
             Both:        1.24 GB reserved,     278.18 MB ( 22%) committed 

Chunk freelists:
   Non-Class:  2.00 KB
       Class:  0 bytes
        Both:  2.00 KB

MaxMetaspaceSize: 17179869184.00 GB
CompressedClassSpaceSize: 1.00 GB
Initial GC threshold: 20.80 MB
Current GC threshold: 456.14 MB
CDS: off

CodeHeap 'non-profiled nmethods': size=120064Kb used=23341Kb max_used=23341Kb free=96722Kb
 bounds [0x000002aa10b60000, 0x000002aa12230000, 0x000002aa180a0000]
CodeHeap 'profiled nmethods': size=120000Kb used=70052Kb max_used=70052Kb free=49947Kb
 bounds [0x000002aa09630000, 0x000002aa0daa0000, 0x000002aa10b60000]
CodeHeap 'non-nmethods': size=5696Kb used=2629Kb max_used=2687Kb free=3066Kb
 bounds [0x000002aa090a0000, 0x000002aa09350000, 0x000002aa09630000]
 total_blobs=31432 nmethods=30234 adapters=1107
 compilation: enabled
              stopped_count=0, restarted_count=0
 full_count=0

Compilation events (20 events):
Event: 4035.134 Thread 0x000002aa1f8e6000 nmethod 35302 0x000002aa12224510 code [0x000002aa12224700, 0x000002aa12224e18]
Event: 4035.141 Thread 0x000002aa1f8e6000 35306       4       java.util.Collections$ReverseComparator2::compare (12 bytes)
Event: 4035.152 Thread 0x000002aa1f8e6000 nmethod 35306 0x000002aa12225390 code [0x000002aa12225560, 0x000002aa122258e8]
Event: 4035.158 Thread 0x000002aa1f8e6000 35307       4       org.gradle.api.internal.artifacts.ivyservice.resolveengine.graph.builder.DependencyGraphBuilder::resolveEdges (43 bytes)
Event: 4035.262 Thread 0x000002aa1f8f4800 35311       1       org.gradle.api.internal.artifacts.ivyservice.resolveengine.graph.builder.EdgeState::getTransitiveExclusions (5 bytes)
Event: 4035.263 Thread 0x000002aa1f8f4800 nmethod 35311 0x000002aa12225c10 code [0x000002aa12225dc0, 0x000002aa12225e78]
Event: 4035.374 Thread 0x000002aa1f8f4800 35314       3       org.gradle.api.internal.attributes.AttributeDesugaring::lambda$desugar$0 (143 bytes)
Event: 4035.376 Thread 0x000002aa1f8f4800 nmethod 35314 0x000002aa0da9ba10 code [0x000002aa0da9bcc0, 0x000002aa0da9c9a8]
Event: 4035.388 Thread 0x000002aa228b3000 nmethod 35305 0x000002aa12225f10 code [0x000002aa122262a0, 0x000002aa12228a08]
Event: 4035.388 Thread 0x000002aa228b3000 35313  s    4       org.gradle.internal.component.external.model.AbstractLazyModuleComponentResolveMetadata::getConfiguration (44 bytes)
Event: 4035.518 Thread 0x000002aa1f8f4800 35318       1       org.gradle.api.internal.artifacts.ivyservice.resolveengine.excludes.simple.DefaultModuleExclude::hashCode (5 bytes)
Event: 4035.518 Thread 0x000002aa1f8f4800 nmethod 35318 0x000002aa1222ac90 code [0x000002aa1222ae40, 0x000002aa1222aef8]
Event: 4035.540 Thread 0x000002aa1f8f4800 35320       3       org.gradle.internal.component.external.model.AbstractMutableModuleComponentResolveMetadata$ImmutableVariantImpl::asDescribable (14 bytes)
Event: 4035.541 Thread 0x000002aa1f8f4800 nmethod 35320 0x000002aa0da9ce10 code [0x000002aa0da9d000, 0x000002aa0da9d458]
Event: 4035.547 Thread 0x000002aa1f8f4800 35321       3       org.gradle.api.internal.artifacts.configurations.DefaultConfiguration$WithResults::<init> (11 bytes)
Event: 4035.548 Thread 0x000002aa1f8f4800 nmethod 35321 0x000002aa0da9d610 code [0x000002aa0da9d7e0, 0x000002aa0da9da58]
Event: 4035.548 Thread 0x000002aa1f8f4800 35322       1       org.gradle.api.internal.artifacts.ivyservice.resolveengine.projectresult.ResolvedLocalComponentsResultGraphVisitor::getResolvedProjectConfigurations (5 bytes)
Event: 4035.548 Thread 0x000002aa1f8f4800 nmethod 35322 0x000002aa1222af90 code [0x000002aa1222b140, 0x000002aa1222b1f8]
Event: 4035.617 Thread 0x000002aa1f8f4800 35323       1       org.gradle.api.internal.artifacts.result.DefaultResolutionResult::getRequestedAttributes (5 bytes)
Event: 4035.617 Thread 0x000002aa1f8f4800 nmethod 35323 0x000002aa1222b290 code [0x000002aa1222b440, 0x000002aa1222b4f8]

GC Heap History (20 events):
Event: 4028.053 GC heap before
{Heap before GC invocations=199 (full 0):
 garbage-first heap   total 348160K, used 302320K [0x0000000080000000, 0x0000000100000000)
  region size 1024K, 30 young (30720K), 3 survivors (3072K)
 Metaspace       used 261015K, capacity 267053K, committed 267196K, reserved 1282048K
  class space    used 32250K, capacity 34381K, committed 34404K, reserved 1048576K
}
Event: 4028.072 GC heap after
{Heap after GC invocations=200 (full 0):
 garbage-first heap   total 348160K, used 278207K [0x0000000080000000, 0x0000000100000000)
  region size 1024K, 4 young (4096K), 4 survivors (4096K)
 Metaspace       used 261015K, capacity 267053K, committed 267196K, reserved 1282048K
  class space    used 32250K, capacity 34381K, committed 34404K, reserved 1048576K
}
Event: 4029.167 GC heap before
{Heap before GC invocations=200 (full 0):
 garbage-first heap   total 348160K, used 304831K [0x0000000080000000, 0x0000000100000000)
  region size 1024K, 30 young (30720K), 4 survivors (4096K)
 Metaspace       used 263576K, capacity 269615K, committed 269628K, reserved 1284096K
  class space    used 32619K, capacity 34784K, committed 34788K, reserved 1048576K
}
Event: 4029.191 GC heap after
{Heap after GC invocations=201 (full 0):
 garbage-first heap   total 348160K, used 279608K [0x0000000080000000, 0x0000000100000000)
  region size 1024K, 2 young (2048K), 2 survivors (2048K)
 Metaspace       used 263576K, capacity 269615K, committed 269628K, reserved 1284096K
  class space    used 32619K, capacity 34784K, committed 34788K, reserved 1048576K
}
Event: 4030.090 GC heap before
{Heap before GC invocations=202 (full 0):
 garbage-first heap   total 348160K, used 304184K [0x0000000080000000, 0x0000000100000000)
  region size 1024K, 27 young (27648K), 2 survivors (2048K)
 Metaspace       used 265777K, capacity 271924K, committed 272060K, reserved 1286144K
  class space    used 32901K, capacity 35083K, committed 35172K, reserved 1048576K
}
Event: 4030.108 GC heap after
{Heap after GC invocations=203 (full 0):
 garbage-first heap   total 348160K, used 281237K [0x0000000080000000, 0x0000000100000000)
  region size 1024K, 3 young (3072K), 3 survivors (3072K)
 Metaspace       used 265777K, capacity 271924K, committed 272060K, reserved 1286144K
  class space    used 32901K, capacity 35083K, committed 35172K, reserved 1048576K
}
Event: 4030.692 GC heap before
{Heap before GC invocations=203 (full 0):
 garbage-first heap   total 348160K, used 295573K [0x0000000080000000, 0x0000000100000000)
  region size 1024K, 17 young (17408K), 3 survivors (3072K)
 Metaspace       used 267827K, capacity 273986K, committed 274236K, reserved 1288192K
  class space    used 33278K, capacity 35474K, committed 35556K, reserved 1048576K
}
Event: 4030.717 GC heap after
{Heap after GC invocations=204 (full 0):
 garbage-first heap   total 348160K, used 281153K [0x0000000080000000, 0x0000000100000000)
  region size 1024K, 1 young (1024K), 1 survivors (1024K)
 Metaspace       used 267827K, capacity 273986K, committed 274236K, reserved 1288192K
  class space    used 33278K, capacity 35474K, committed 35556K, reserved 1048576K
}
Event: 4031.568 GC heap before
{Heap before GC invocations=204 (full 0):
 garbage-first heap   total 348160K, used 306753K [0x0000000080000000, 0x0000000100000000)
  region size 1024K, 26 young (26624K), 1 survivors (1024K)
 Metaspace       used 270676K, capacity 276829K, committed 276924K, reserved 1290240K
  class space    used 33744K, capacity 35930K, committed 35940K, reserved 1048576K
}
Event: 4031.591 GC heap after
{Heap after GC invocations=205 (full 0):
 garbage-first heap   total 348160K, used 282751K [0x0000000080000000, 0x0000000100000000)
  region size 1024K, 3 young (3072K), 3 survivors (3072K)
 Metaspace       used 270676K, capacity 276829K, committed 276924K, reserved 1290240K
  class space    used 33744K, capacity 35930K, committed 35940K, reserved 1048576K
}
Event: 4032.484 GC heap before
{Heap before GC invocations=205 (full 0):
 garbage-first heap   total 348160K, used 307327K [0x0000000080000000, 0x0000000100000000)
  region size 1024K, 27 young (27648K), 3 survivors (3072K)
 Metaspace       used 272611K, capacity 278770K, committed 278972K, reserved 1292288K
  class space    used 34000K, capacity 36193K, committed 36196K, reserved 1048576K
}
Event: 4032.507 GC heap after
{Heap after GC invocations=206 (full 0):
 garbage-first heap   total 348160K, used 284632K [0x0000000080000000, 0x0000000100000000)
  region size 1024K, 4 young (4096K), 4 survivors (4096K)
 Metaspace       used 272611K, capacity 278770K, committed 278972K, reserved 1292288K
  class space    used 34000K, capacity 36193K, committed 36196K, reserved 1048576K
}
Event: 4033.420 GC heap before
{Heap before GC invocations=206 (full 0):
 garbage-first heap   total 348160K, used 307160K [0x0000000080000000, 0x0000000100000000)
  region size 1024K, 26 young (26624K), 4 survivors (4096K)
 Metaspace       used 274633K, capacity 280810K, committed 281148K, reserved 1294336K
  class space    used 34275K, capacity 36488K, committed 36580K, reserved 1048576K
}
Event: 4033.444 GC heap after
{Heap after GC invocations=207 (full 0):
 garbage-first heap   total 348160K, used 286075K [0x0000000080000000, 0x0000000100000000)
  region size 1024K, 4 young (4096K), 4 survivors (4096K)
 Metaspace       used 274633K, capacity 280810K, committed 281148K, reserved 1294336K
  class space    used 34275K, capacity 36488K, committed 36580K, reserved 1048576K
}
Event: 4034.262 GC heap before
{Heap before GC invocations=208 (full 0):
 garbage-first heap   total 348160K, used 307579K [0x0000000080000000, 0x0000000100000000)
  region size 1024K, 25 young (25600K), 4 survivors (4096K)
 Metaspace       used 276481K, capacity 282655K, committed 282940K, reserved 1296384K
  class space    used 34570K, capacity 36793K, committed 36836K, reserved 1048576K
}
Event: 4034.288 GC heap after
{Heap after GC invocations=209 (full 0):
 garbage-first heap   total 348160K, used 287438K [0x0000000080000000, 0x0000000100000000)
  region size 1024K, 3 young (3072K), 3 survivors (3072K)
 Metaspace       used 276481K, capacity 282655K, committed 282940K, reserved 1296384K
  class space    used 34570K, capacity 36793K, committed 36836K, reserved 1048576K
}
Event: 4034.687 GC heap before
{Heap before GC invocations=209 (full 0):
 garbage-first heap   total 348160K, used 300750K [0x0000000080000000, 0x0000000100000000)
  region size 1024K, 17 young (17408K), 3 survivors (3072K)
 Metaspace       used 277331K, capacity 283499K, committed 283836K, reserved 1296384K
  class space    used 34656K, capacity 36859K, committed 36964K, reserved 1048576K
}
Event: 4034.714 GC heap after
{Heap after GC invocations=210 (full 0):
 garbage-first heap   total 348160K, used 288936K [0x0000000080000000, 0x0000000100000000)
  region size 1024K, 3 young (3072K), 3 survivors (3072K)
 Metaspace       used 277331K, capacity 283499K, committed 283836K, reserved 1296384K
  class space    used 34656K, capacity 36859K, committed 36964K, reserved 1048576K
}
Event: 4035.445 GC heap before
{Heap before GC invocations=210 (full 0):
 garbage-first heap   total 348160K, used 306344K [0x0000000080000000, 0x0000000100000000)
  region size 1024K, 21 young (21504K), 3 survivors (3072K)
 Metaspace       used 278489K, capacity 284699K, committed 284860K, reserved 1298432K
  class space    used 34729K, capacity 36932K, committed 36964K, reserved 1048576K
}
Event: 4035.473 GC heap after
{Heap after GC invocations=211 (full 0):
 garbage-first heap   total 348160K, used 291820K [0x0000000080000000, 0x0000000100000000)
  region size 1024K, 3 young (3072K), 3 survivors (3072K)
 Metaspace       used 278489K, capacity 284699K, committed 284860K, reserved 1298432K
  class space    used 34729K, capacity 36932K, committed 36964K, reserved 1048576K
}

Deoptimization events (20 events):
Event: 4034.218 Thread 0x000002aa228a8800 Uncommon trap: trap_request=0xffffffd6 fr.pc=0x000002aa10fa5f90 relative=0x00000000000016d0
Event: 4034.218 Thread 0x000002aa228a8800 Uncommon trap: reason=array_check action=maybe_recompile pc=0x000002aa10fa5f90 method=java.util.TimSort.mergeHi(IIII)V @ 250 c2
Event: 4034.218 Thread 0x000002aa228a8800 DEOPT PACKING pc=0x000002aa10fa5f90 sp=0x000000c48f5f94f0
Event: 4034.218 Thread 0x000002aa228a8800 DEOPT UNPACKING pc=0x000002aa090ea1af sp=0x000000c48f5f94c8 mode 2
Event: 4034.220 Thread 0x000002aa228a8800 Uncommon trap: trap_request=0xffffffd6 fr.pc=0x000002aa10fa5f90 relative=0x00000000000016d0
Event: 4034.220 Thread 0x000002aa228a8800 Uncommon trap: reason=array_check action=maybe_recompile pc=0x000002aa10fa5f90 method=java.util.TimSort.mergeHi(IIII)V @ 250 c2
Event: 4034.220 Thread 0x000002aa228a8800 DEOPT PACKING pc=0x000002aa10fa5f90 sp=0x000000c48f5f99f0
Event: 4034.221 Thread 0x000002aa228a8800 DEOPT UNPACKING pc=0x000002aa090ea1af sp=0x000000c48f5f99c8 mode 2
Event: 4035.622 Thread 0x000002aa228b5000 Uncommon trap: trap_request=0xffffffc6 fr.pc=0x000002aa1209768c relative=0x000000000000572c
Event: 4035.622 Thread 0x000002aa228b5000 Uncommon trap: reason=bimorphic_or_optimized_type_check action=maybe_recompile pc=0x000002aa1209768c method=org.gradle.api.internal.artifacts.transform.AttributeMatchingVariantSelector.doSelect(Lorg/gradle/api/internal/artifacts/ivyservice/resolveengine/a
Event: 4035.622 Thread 0x000002aa228b5000 DEOPT PACKING pc=0x000002aa1209768c sp=0x000000c4945fc3c0
Event: 4035.622 Thread 0x000002aa228b5000 DEOPT UNPACKING pc=0x000002aa090ea1af sp=0x000000c4945fc420 mode 2
Event: 4035.624 Thread 0x000002aa228b5000 Uncommon trap: trap_request=0xffffffc6 fr.pc=0x000002aa1209768c relative=0x000000000000572c
Event: 4035.624 Thread 0x000002aa228b5000 Uncommon trap: reason=bimorphic_or_optimized_type_check action=maybe_recompile pc=0x000002aa1209768c method=org.gradle.api.internal.artifacts.transform.AttributeMatchingVariantSelector.doSelect(Lorg/gradle/api/internal/artifacts/ivyservice/resolveengine/a
Event: 4035.624 Thread 0x000002aa228b5000 DEOPT PACKING pc=0x000002aa1209768c sp=0x000000c4945fc3c0
Event: 4035.624 Thread 0x000002aa228b5000 DEOPT UNPACKING pc=0x000002aa090ea1af sp=0x000000c4945fc420 mode 2
Event: 4035.843 Thread 0x000002aa2733a800 Uncommon trap: trap_request=0xffffff4d fr.pc=0x000002aa11738194 relative=0x00000000000041d4
Event: 4035.843 Thread 0x000002aa2733a800 Uncommon trap: reason=unstable_if action=reinterpret pc=0x000002aa11738194 method=com.google.common.collect.MapMakerInternalMap$Segment.reclaimKey(Lcom/google/common/collect/MapMakerInternalMap$InternalEntry;I)Z @ 46 c2
Event: 4035.843 Thread 0x000002aa2733a800 DEOPT PACKING pc=0x000002aa11738194 sp=0x000000c4924fbc00
Event: 4035.843 Thread 0x000002aa2733a800 DEOPT UNPACKING pc=0x000002aa090ea1af sp=0x000000c4924fb8a8 mode 2

Classes redefined (0 events):
No events

Internal exceptions (20 events):
Event: 4031.306 Thread 0x000002aa228a8800 Exception <a 'java/lang/ClassNotFoundException'{0x0000000094163818}: com/android/build/gradle/internal/api/BaseVariantOutputImplBeanInfo> (0x0000000094163818) thrown at [./src/hotspot/share/classfile/systemDictionary.cpp, line 231]
Event: 4031.307 Thread 0x000002aa228a8800 Exception <a 'java/lang/ClassNotFoundException'{0x000000009417eae8}: com/android/build/gradle/internal/api/BaseVariantOutputImplCustomizer> (0x000000009417eae8) thrown at [./src/hotspot/share/classfile/systemDictionary.cpp, line 231]
Event: 4031.309 Thread 0x000002aa228a8800 Exception <a 'java/lang/ClassNotFoundException'{0x00000000941ac138}: com/android/build/gradle/internal/api/ApkVariantOutputImplCustomizer> (0x00000000941ac138) thrown at [./src/hotspot/share/classfile/systemDictionary.cpp, line 231]
Event: 4031.310 Thread 0x000002aa228a8800 Exception <a 'java/lang/ClassNotFoundException'{0x00000000941d5e98}: com/android/build/gradle/internal/api/ApkVariantOutputImpl_DecoratedCustomizer> (0x00000000941d5e98) thrown at [./src/hotspot/share/classfile/systemDictionary.cpp, line 231]
Event: 4031.395 Thread 0x000002aa228a8800 Exception <a 'java/lang/ClassNotFoundException'{0x0000000093fe2cf8}: com/android/build/gradle/internal/api/ReadOnlyBuildTypeBeanInfo> (0x0000000093fe2cf8) thrown at [./src/hotspot/share/classfile/systemDictionary.cpp, line 231]
Event: 4031.396 Thread 0x000002aa228a8800 Exception <a 'java/lang/ClassNotFoundException'{0x0000000093ffda30}: com/android/build/gradle/internal/api/ReadOnlyBaseConfigBeanInfo> (0x0000000093ffda30) thrown at [./src/hotspot/share/classfile/systemDictionary.cpp, line 231]
Event: 4031.397 Thread 0x000002aa228a8800 Exception <a 'java/lang/ClassNotFoundException'{0x0000000093e18588}: com/android/build/gradle/internal/api/ReadOnlyBaseConfigCustomizer> (0x0000000093e18588) thrown at [./src/hotspot/share/classfile/systemDictionary.cpp, line 231]
Event: 4031.399 Thread 0x000002aa228a8800 Exception <a 'java/lang/ClassNotFoundException'{0x0000000093e42978}: com/android/build/gradle/internal/api/ReadOnlyBuildTypeCustomizer> (0x0000000093e42978) thrown at [./src/hotspot/share/classfile/systemDictionary.cpp, line 231]
Event: 4033.023 Thread 0x000002aa228a8800 Exception <a 'sun/nio/fs/WindowsException'{0x00000000947ee8a8}> (0x00000000947ee8a8) thrown at [./src/hotspot/share/prims/jni.cpp, line 615]
Event: 4033.024 Thread 0x000002aa228a8800 Exception <a 'sun/nio/fs/WindowsException'{0x00000000947eec80}> (0x00000000947eec80) thrown at [./src/hotspot/share/prims/jni.cpp, line 615]
Event: 4033.393 Thread 0x000002aa228a8800 Exception <a 'java/lang/NullPointerException'{0x0000000093e71150}> (0x0000000093e71150) thrown at [./src/hotspot/share/interpreter/linkResolver.cpp, line 1440]
Event: 4034.079 Thread 0x000002aa228a8800 Exception <a 'sun/nio/fs/WindowsException'{0x00000000945b4700}> (0x00000000945b4700) thrown at [./src/hotspot/share/prims/jni.cpp, line 615]
Event: 4034.080 Thread 0x000002aa228a8800 Exception <a 'sun/nio/fs/WindowsException'{0x00000000945b5968}> (0x00000000945b5968) thrown at [./src/hotspot/share/prims/jni.cpp, line 615]
Event: 4034.080 Thread 0x000002aa228a8800 Exception <a 'sun/nio/fs/WindowsException'{0x00000000945b6c20}> (0x00000000945b6c20) thrown at [./src/hotspot/share/prims/jni.cpp, line 615]
Event: 4034.080 Thread 0x000002aa228a8800 Exception <a 'sun/nio/fs/WindowsException'{0x00000000945b7ed8}> (0x00000000945b7ed8) thrown at [./src/hotspot/share/prims/jni.cpp, line 615]
Event: 4034.919 Thread 0x000002aa228a8800 Exception <a 'java/lang/NoSuchMethodError'{0x0000000094d09580}: <clinit>> (0x0000000094d09580) thrown at [./src/hotspot/share/prims/jni.cpp, line 1365]
Event: 4034.928 Thread 0x000002aa228a8800 Exception <a 'java/lang/NoSuchMethodError'{0x0000000094d32450}: <clinit>> (0x0000000094d32450) thrown at [./src/hotspot/share/prims/jni.cpp, line 1365]
Event: 4034.979 Thread 0x000002aa228a8800 Exception <a 'sun/nio/fs/WindowsException'{0x0000000094b6f090}> (0x0000000094b6f090) thrown at [./src/hotspot/share/prims/jni.cpp, line 615]
Event: 4035.014 Thread 0x000002aa228ad800 Exception <a 'java/lang/NoSuchMethodError'{0x0000000094a53f30}: <clinit>> (0x0000000094a53f30) thrown at [./src/hotspot/share/prims/jni.cpp, line 1365]
Event: 4035.023 Thread 0x000002aa228ad800 Exception <a 'java/lang/NoSuchMethodError'{0x0000000094a654a8}: <clinit>> (0x0000000094a654a8) thrown at [./src/hotspot/share/prims/jni.cpp, line 1365]

Events (20 events):
Event: 4035.008 Executing VM operation: BulkRevokeBias
Event: 4035.011 Executing VM operation: BulkRevokeBias done
Event: 4035.011 Executing VM operation: RevokeBias
Event: 4035.011 Executing VM operation: RevokeBias done
Event: 4035.011 Executing VM operation: RevokeBias
Event: 4035.012 Executing VM operation: RevokeBias done
Event: 4035.012 Executing VM operation: RevokeBias
Event: 4035.013 Executing VM operation: RevokeBias done
Event: 4035.014 Executing VM operation: RevokeBias
Event: 4035.015 Executing VM operation: RevokeBias done
Event: 4035.017 Executing VM operation: RevokeBias
Event: 4035.017 Executing VM operation: RevokeBias done
Event: 4035.041 Executing VM operation: RevokeBias
Event: 4035.041 Executing VM operation: RevokeBias done
Event: 4035.266 Executing VM operation: RevokeBias
Event: 4035.266 Executing VM operation: RevokeBias done
Event: 4035.445 Executing VM operation: G1CollectForAllocation
Event: 4035.473 Executing VM operation: G1CollectForAllocation done
Event: 4035.476 Executing VM operation: RevokeBias
Event: 4035.476 Executing VM operation: RevokeBias done


Dynamic libraries:
0x00007ff6bc350000 - 0x00007ff6bc35a000 	E:\Android Studio\jre\bin\java.exe
0x00007fff25950000 - 0x00007fff25b48000 	C:\Windows\SYSTEM32\ntdll.dll
0x00007fff24310000 - 0x00007fff243cf000 	C:\Windows\System32\KERNEL32.DLL
0x00007fff23100000 - 0x00007fff233d2000 	C:\Windows\System32\KERNELBASE.dll
0x00007fff237e0000 - 0x00007fff238e0000 	C:\Windows\System32\ucrtbase.dll
0x00007fff1da60000 - 0x00007fff1da79000 	E:\Android Studio\jre\bin\jli.dll
0x00007fff244a0000 - 0x00007fff24641000 	C:\Windows\System32\USER32.dll
0x00007fff233e0000 - 0x00007fff23402000 	C:\Windows\System32\win32u.dll
0x00007fff22440000 - 0x00007fff226da000 	C:\Windows\WinSxS\amd64_microsoft.windows.common-controls_6595b64144ccf1df_6.0.19041.1110_none_60b5254171f9507e\COMCTL32.dll
0x00007fff24040000 - 0x00007fff2406b000 	C:\Windows\System32\GDI32.dll
0x00007fff25850000 - 0x00007fff258ee000 	C:\Windows\System32\msvcrt.dll
0x00007fff23410000 - 0x00007fff2351f000 	C:\Windows\System32\gdi32full.dll
0x00007fff23710000 - 0x00007fff237ad000 	C:\Windows\System32\msvcp_win.dll
0x00007fff08750000 - 0x00007fff08767000 	E:\Android Studio\jre\bin\VCRUNTIME140.dll
0x00007fff24fc0000 - 0x00007fff24ff2000 	C:\Windows\System32\IMM32.DLL
0x00007ffef7c30000 - 0x00007ffef7ccd000 	E:\Android Studio\jre\bin\msvcp140.dll
0x00007ffee1b90000 - 0x00007ffee2675000 	E:\Android Studio\jre\bin\server\jvm.dll
0x00007fff24260000 - 0x00007fff2430e000 	C:\Windows\System32\ADVAPI32.dll
0x00007fff246b0000 - 0x00007fff2474c000 	C:\Windows\System32\sechost.dll
0x00007fff25670000 - 0x00007fff25795000 	C:\Windows\System32\RPCRT4.dll
0x00007fff239f0000 - 0x00007fff239f8000 	C:\Windows\System32\PSAPI.DLL
0x00007fff17050000 - 0x00007fff17077000 	C:\Windows\SYSTEM32\WINMM.dll
0x00007fff18420000 - 0x00007fff1842a000 	C:\Windows\SYSTEM32\VERSION.dll
0x00007fff1dc60000 - 0x00007fff1dc69000 	C:\Windows\SYSTEM32\WSOCK32.dll
0x00007fff25470000 - 0x00007fff254db000 	C:\Windows\System32\WS2_32.dll
0x00007fff207b0000 - 0x00007fff207c2000 	C:\Windows\SYSTEM32\kernel.appcore.dll
0x00007fff1dc00000 - 0x00007fff1dc11000 	E:\Android Studio\jre\bin\verify.dll
0x00007fff22a70000 - 0x00007fff22c54000 	C:\Windows\SYSTEM32\DBGHELP.DLL
0x00007fff22810000 - 0x00007fff22845000 	C:\Windows\SYSTEM32\dbgcore.DLL
0x00007fff23520000 - 0x00007fff235a2000 	C:\Windows\System32\bcryptPrimitives.dll
0x00007fff13c50000 - 0x00007fff13c79000 	E:\Android Studio\jre\bin\java.dll
0x00007fff1dc50000 - 0x00007fff1dc5b000 	E:\Android Studio\jre\bin\jimage.dll
0x00007fff1d9d0000 - 0x00007fff1d9e8000 	E:\Android Studio\jre\bin\zip.dll
0x00007fff24750000 - 0x00007fff24e94000 	C:\Windows\System32\SHELL32.dll
0x00007fff20a90000 - 0x00007fff21222000 	C:\Windows\SYSTEM32\windows.storage.dll
0x00007fff23ce0000 - 0x00007fff24035000 	C:\Windows\System32\combase.dll
0x00007fff223a0000 - 0x00007fff223d0000 	C:\Windows\SYSTEM32\Wldp.dll
0x00007fff255c0000 - 0x00007fff2566d000 	C:\Windows\System32\SHCORE.dll
0x00007fff24120000 - 0x00007fff24175000 	C:\Windows\System32\shlwapi.dll
0x00007fff22f80000 - 0x00007fff22f9f000 	C:\Windows\SYSTEM32\profapi.dll
0x00007fff1d900000 - 0x00007fff1d91a000 	E:\Android Studio\jre\bin\net.dll
0x00007fff178f0000 - 0x00007fff179fc000 	C:\Windows\SYSTEM32\WINHTTP.dll
0x00007fff22270000 - 0x00007fff222da000 	C:\Windows\system32\mswsock.dll
0x00007fff1d760000 - 0x00007fff1d774000 	E:\Android Studio\jre\bin\nio.dll
0x00007fff189a0000 - 0x00007fff189c7000 	C:\Users\magis\.gradle\native\e1d6ef7f7dcc3fd88c89a11ec53ec762bb8ba0a96d01ffa2cd45eb1d1d8dd5c5\windows-amd64\native-platform.dll
0x00007ffef7ae0000 - 0x00007ffef7c24000 	C:\Users\magis\.gradle\native\5664cfc778a61ccfe75a443a1ab52a65af34e5dc3c78e0209fed803814484fcb\windows-amd64\native-platform-file-events.dll
0x00007fff1d8d0000 - 0x00007fff1d8da000 	E:\Android Studio\jre\bin\management.dll
0x00007fff18870000 - 0x00007fff1887d000 	E:\Android Studio\jre\bin\management_ext.dll
0x00007fff22dd0000 - 0x00007fff22de8000 	C:\Windows\SYSTEM32\CRYPTSP.dll
0x00007fff21a80000 - 0x00007fff21ab4000 	C:\Windows\system32\rsaenh.dll
0x00007fff237b0000 - 0x00007fff237d7000 	C:\Windows\System32\bcrypt.dll
0x00007fff22f40000 - 0x00007fff22f6e000 	C:\Windows\SYSTEM32\USERENV.dll
0x00007fff22390000 - 0x00007fff2239c000 	C:\Windows\SYSTEM32\CRYPTBASE.dll
0x00007fff21df0000 - 0x00007fff21e2b000 	C:\Windows\SYSTEM32\IPHLPAPI.DLL
0x00007fff258f0000 - 0x00007fff258f8000 	C:\Windows\System32\NSI.dll
0x00007fff18560000 - 0x00007fff18577000 	C:\Windows\SYSTEM32\dhcpcsvc6.DLL
0x00007fff18ab0000 - 0x00007fff18acd000 	C:\Windows\SYSTEM32\dhcpcsvc.DLL
0x00007fff21e30000 - 0x00007fff21efa000 	C:\Windows\SYSTEM32\DNSAPI.dll
0x00007fff1dc20000 - 0x00007fff1dc3e000 	C:\Users\magis\AppData\Local\Temp\native-platform13353684315126927834dir\native-platform.dll
0x00007fff1e760000 - 0x00007fff1e768000 	E:\Android Studio\jre\bin\rmi.dll
0x00007fff1c170000 - 0x00007fff1c197000 	E:\Android Studio\jre\bin\sunec.dll
0x00007fff22cb0000 - 0x00007fff22ce3000 	C:\Windows\SYSTEM32\ntmarta.dll
0x00007fff1db60000 - 0x00007fff1db7e000 	C:\Users\magis\AppData\Local\Temp\native-platform1898548474995510826dir\native-platform.dll
0x00007fff12cf0000 - 0x00007fff12cfa000 	C:\Windows\System32\rasadhlp.dll
0x00007fff13740000 - 0x00007fff137c0000 	C:\Windows\System32\fwpuclnt.dll

dbghelp: loaded successfully - version: 4.0.5 - missing functions: none
symbol engine: initialized successfully - sym options: 0x614 - pdb path: .;E:\Android Studio\jre\bin;C:\Windows\SYSTEM32;C:\Windows\WinSxS\amd64_microsoft.windows.common-controls_6595b64144ccf1df_6.0.19041.1110_none_60b5254171f9507e;E:\Android Studio\jre\bin\server;C:\Users\magis\.gradle\native\e1d6ef7f7dcc3fd88c89a11ec53ec762bb8ba0a96d01ffa2cd45eb1d1d8dd5c5\windows-amd64;C:\Users\magis\.gradle\native\5664cfc778a61ccfe75a443a1ab52a65af34e5dc3c78e0209fed803814484fcb\windows-amd64;C:\Users\magis\AppData\Local\Temp\native-platform13353684315126927834dir;C:\Users\magis\AppData\Local\Temp\native-platform1898548474995510826dir

VM Arguments:
jvm_args: --add-opens=java.base/java.util=ALL-UNNAMED --add-opens=java.base/java.lang=ALL-UNNAMED --add-opens=java.base/java.lang.invoke=ALL-UNNAMED --add-opens=java.base/java.util=ALL-UNNAMED --add-opens=java.prefs/java.util.prefs=ALL-UNNAMED --add-opens=java.prefs/java.util.prefs=ALL-UNNAMED --add-opens=java.base/java.nio.charset=ALL-UNNAMED --add-opens=java.base/java.net=ALL-UNNAMED --add-opens=java.base/java.util.concurrent.atomic=ALL-UNNAMED -Xmx2048m -Dfile.encoding=UTF-8 -Duser.country=RU -Duser.language=ru -Duser.variant 
java_command: org.gradle.launcher.daemon.bootstrap.GradleDaemon 7.3.3
java_class_path (initial): C:\Users\magis\.gradle\wrapper\dists\gradle-7.3.3-bin\6a41zxkdtcxs8rphpq6y0069z\gradle-7.3.3\lib\gradle-launcher-7.3.3.jar
Launcher Type: SUN_STANDARD

[Global flags]
     intx CICompilerCount                          = 3                                         {product} {ergonomic}
     uint ConcGCThreads                            = 1                                         {product} {ergonomic}
     uint G1ConcRefinementThreads                  = 4                                         {product} {ergonomic}
   size_t G1HeapRegionSize                         = 1048576                                   {product} {ergonomic}
    uintx GCDrainStackTargetSize                   = 64                                        {product} {ergonomic}
   size_t InitialHeapSize                          = 134217728                                 {product} {ergonomic}
   size_t MarkStackSize                            = 4194304                                   {product} {ergonomic}
   size_t MaxHeapSize                              = 2147483648                                {product} {command line}
   size_t MaxNewSize                               = 1287651328                                {product} {ergonomic}
   size_t MinHeapDeltaBytes                        = 1048576                                   {product} {ergonomic}
    uintx NonNMethodCodeHeapSize                   = 5830732                                {pd product} {ergonomic}
    uintx NonProfiledCodeHeapSize                  = 122913754                              {pd product} {ergonomic}
    uintx ProfiledCodeHeapSize                     = 122913754                              {pd product} {ergonomic}
    uintx ReservedCodeCacheSize                    = 251658240                              {pd product} {ergonomic}
     bool SegmentedCodeCache                       = true                                      {product} {ergonomic}
     bool UseCompressedClassPointers               = true                                 {lp64_product} {ergonomic}
     bool UseCompressedOops                        = true                                 {lp64_product} {ergonomic}
     bool UseG1GC                                  = true                                      {product} {ergonomic}
     bool UseLargePagesIndividualAllocation        = false                                  {pd product} {ergonomic}

Logging:
Log output configuration:
 #0: stdout all=warning uptime,level,tags
 #1: stderr all=off uptime,level,tags

Environment Variables:
PATH=C:\Program Files (x86)\Common Files\Oracle\Java\javapath;C:\Windows\system32;C:\Windows;C:\Windows\System32\Wbem;C:\Windows\System32\WindowsPowerShell\v1.0\;C:\Windows\System32\OpenSSH\;C:\Program Files\Git\cmd;C:\Users\magis\AppData\Local\Programs\Python\Python310\Scripts\;C:\Users\magis\AppData\Local\Programs\Python\Python310\;C:\Users\magis\AppData\Local\Microsoft\WindowsApps;C:\Users\magis\AppData\Local\atom\bin;E:\JetBrains\IntelliJ IDEA Community Edition 2020.3.3\bin;C:\Users\magis\AppData\Local\gitkraken\bin;C:\Users\magis\AppData\Local\Microsoft\WindowsApps;C:\Users\magis\AppData\Local\atom\bin;E:\JetBrains\IntelliJ IDEA Community Edition 2020.3.3\bin;;C:\Users\magis\AppData\Local\gitkraken\bin;E:\PhpStorm 2020.2.3\bin;;C:\Users\magis\Downloads\PhoenixSuit_1.10\PhoenixSuit_1.10\;E:\Microsoft VS Code\bin
USERNAME=magis
OS=Windows_NT
PROCESSOR_IDENTIFIER=Intel64 Family 6 Model 42 Stepping 7, GenuineIntel



---------------  S Y S T E M  ---------------

OS: Windows 10 , 64 bit Build 19041 (10.0.19041.2364)
OS uptime: 17 days 2:34 hours

CPU:total 4 (initial active 4) (2 cores per cpu, 2 threads per core) family 6 model 42 stepping 7 microcode 0x2f, cmov, cx8, fxsr, mmx, sse, sse2, sse3, ssse3, sse4.1, sse4.2, popcnt, avx, aes, clmul, ht, tsc, tscinvbit

Memory: 4k page, system-wide physical 8165M (623M free)
TotalPageFile size 11165M (AvailPageFile size 5M)
current process WorkingSet (physical memory assigned to process): 894M, peak: 894M
current process commit charge ("private bytes"): 963M, peak: 965M

vm_info: OpenJDK 64-Bit Server VM (11.0.12+7-b1504.28-7817840) for windows-amd64 JRE (11.0.12+7-b1504.28-7817840), built on Oct 13 2021 22:12:33 by "builder" with MS VC++ 14.0 (VS2015)

END.
